This is pdfTeX, Version 3.14159265-2.6-1.40.17 (TeX Live 2016) (preloaded format=pdflatex 2016.10.22)  10 NOV 2016 11:27
entering extended mode
 restricted \write18 enabled.
 file:line:error style messages enabled.
 %&-line parsing enabled.
**PowerEnJoy.tex
(./PowerEnJoy.tex
LaTeX2e <2016/03/31>
Babel <3.9r> and hyphenation patterns for 83 language(s) loaded.
(/usr/local/texlive/2016/texmf-dist/tex/latex/base/report.cls
Document Class: report 2014/09/29 v1.4h Standard LaTeX document class
(/usr/local/texlive/2016/texmf-dist/tex/latex/base/size10.clo
File: size10.clo 2014/09/29 v1.4h Standard LaTeX file (size option)
)
\c@part=\count79
\c@chapter=\count80
\c@section=\count81
\c@subsection=\count82
\c@subsubsection=\count83
\c@paragraph=\count84
\c@subparagraph=\count85
\c@figure=\count86
\c@table=\count87
\abovecaptionskip=\skip41
\belowcaptionskip=\skip42
\bibindent=\dimen102
)
(/usr/local/texlive/2016/texmf-dist/tex/latex/graphics/graphicx.sty
Package: graphicx 2014/10/28 v1.0g Enhanced LaTeX Graphics (DPC,SPQR)

(/usr/local/texlive/2016/texmf-dist/tex/latex/graphics/keyval.sty
Package: keyval 2014/10/28 v1.15 key=value parser (DPC)
\KV@toks@=\toks14
)
(/usr/local/texlive/2016/texmf-dist/tex/latex/graphics/graphics.sty
Package: graphics 2016/05/09 v1.0r Standard LaTeX Graphics (DPC,SPQR)

(/usr/local/texlive/2016/texmf-dist/tex/latex/graphics/trig.sty
Package: trig 2016/01/03 v1.10 sin cos tan (DPC)
)
(/usr/local/texlive/2016/texmf-dist/tex/latex/graphics-cfg/graphics.cfg
File: graphics.cfg 2016/01/02 v1.10 sample graphics configuration
)
Package graphics Info: Driver file: pdftex.def on input line 96.

(/usr/local/texlive/2016/texmf-dist/tex/latex/pdftex-def/pdftex.def
File: pdftex.def 2011/05/27 v0.06d Graphics/color for pdfTeX

(/usr/local/texlive/2016/texmf-dist/tex/generic/oberdiek/infwarerr.sty
Package: infwarerr 2016/05/16 v1.4 Providing info/warning/error messages (HO)
)
(/usr/local/texlive/2016/texmf-dist/tex/generic/oberdiek/ltxcmds.sty
Package: ltxcmds 2016/05/16 v1.23 LaTeX kernel commands for general use (HO)
)
\Gread@gobject=\count88
))
\Gin@req@height=\dimen103
\Gin@req@width=\dimen104
)
(/usr/local/texlive/2016/texmf-dist/tex/latex/xcolor/xcolor.sty
Package: xcolor 2016/05/11 v2.12 LaTeX color extensions (UK)

(/usr/local/texlive/2016/texmf-dist/tex/latex/graphics-cfg/color.cfg
File: color.cfg 2016/01/02 v1.6 sample color configuration
)
Package xcolor Info: Driver file: pdftex.def on input line 225.
Package xcolor Info: Model `cmy' substituted by `cmy0' on input line 1348.
Package xcolor Info: Model `hsb' substituted by `rgb' on input line 1352.
Package xcolor Info: Model `RGB' extended on input line 1364.
Package xcolor Info: Model `HTML' substituted by `rgb' on input line 1366.
Package xcolor Info: Model `Hsb' substituted by `hsb' on input line 1367.
Package xcolor Info: Model `tHsb' substituted by `hsb' on input line 1368.
Package xcolor Info: Model `HSB' substituted by `hsb' on input line 1369.
Package xcolor Info: Model `Gray' substituted by `gray' on input line 1370.
Package xcolor Info: Model `wave' substituted by `hsb' on input line 1371.

(/usr/local/texlive/2016/texmf-dist/tex/latex/graphics/dvipsnam.def
File: dvipsnam.def 2015/12/30 v3.0k Driver-dependent file (DPC,SPQR)
))
(/usr/local/texlive/2016/texmf-dist/tex/latex/listings/listings.sty
\lst@mode=\count89
\lst@gtempboxa=\box26
\lst@token=\toks15
\lst@length=\count90
\lst@currlwidth=\dimen105
\lst@column=\count91
\lst@pos=\count92
\lst@lostspace=\dimen106
\lst@width=\dimen107
\lst@newlines=\count93
\lst@lineno=\count94
\lst@maxwidth=\dimen108

(/usr/local/texlive/2016/texmf-dist/tex/latex/listings/lstmisc.sty
File: lstmisc.sty 2015/06/04 1.6 (Carsten Heinz)
\c@lstnumber=\count95
\lst@skipnumbers=\count96
\lst@framebox=\box27
)
(/usr/local/texlive/2016/texmf-dist/tex/latex/listings/listings.cfg
File: listings.cfg 2015/06/04 1.6 listings configuration
))
Package: listings 2015/06/04 1.6 (Carsten Heinz)

(/usr/local/texlive/2016/texmf-dist/tex/latex/soul/soul.sty
Package: soul 2003/11/17 v2.4 letterspacing/underlining (mf)
\SOUL@word=\toks16
\SOUL@lasttoken=\toks17
\SOUL@cmds=\toks18
\SOUL@buffer=\toks19
\SOUL@token=\toks20
\SOUL@spaceskip=\skip43
\SOUL@ttwidth=\dimen109
\SOUL@uldp=\dimen110
\SOUL@ulht=\dimen111
)
(/usr/local/texlive/2016/texmf-dist/tex/latex/titling/titling.sty
Package: titling 2009/09/04 v2.1d maketitle typesetting
\thanksmarkwidth=\skip44
\thanksmargin=\skip45
\droptitle=\skip46
)
(/usr/local/texlive/2016/texmf-dist/tex/latex/float/float.sty
Package: float 2001/11/08 v1.3d Float enhancements (AL)
\c@float@type=\count97
\float@exts=\toks21
\float@box=\box28
\@float@everytoks=\toks22
\@floatcapt=\box29
)
(/usr/local/texlive/2016/texmf-dist/tex/latex/enumitem/enumitem.sty
Package: enumitem 2011/09/28 v3.5.2 Customized lists
\labelindent=\skip47
\enit@outerparindent=\dimen112
\enit@toks=\toks23
\enit@inbox=\box30
\enitdp@description=\count98
)
(/usr/local/texlive/2016/texmf-dist/tex/latex/fancyhdr/fancyhdr.sty
\fancy@headwidth=\skip48
\f@ncyO@elh=\skip49
\f@ncyO@erh=\skip50
\f@ncyO@olh=\skip51
\f@ncyO@orh=\skip52
\f@ncyO@elf=\skip53
\f@ncyO@erf=\skip54
\f@ncyO@olf=\skip55
\f@ncyO@orf=\skip56
)
(./alloy.sty)

Package Fancyhdr Warning: \fancyfoot's `E' option without twoside option is use
less on input line 29.

(./PowerEnJoy.aux)
\openout1 = `PowerEnJoy.aux'.

LaTeX Font Info:    Checking defaults for OML/cmm/m/it on input line 31.
LaTeX Font Info:    ... okay on input line 31.
LaTeX Font Info:    Checking defaults for T1/cmr/m/n on input line 31.
LaTeX Font Info:    ... okay on input line 31.
LaTeX Font Info:    Checking defaults for OT1/cmr/m/n on input line 31.
LaTeX Font Info:    ... okay on input line 31.
LaTeX Font Info:    Checking defaults for OMS/cmsy/m/n on input line 31.
LaTeX Font Info:    ... okay on input line 31.
LaTeX Font Info:    Checking defaults for OMX/cmex/m/n on input line 31.
LaTeX Font Info:    ... okay on input line 31.
LaTeX Font Info:    Checking defaults for U/cmr/m/n on input line 31.
LaTeX Font Info:    ... okay on input line 31.

(/usr/local/texlive/2016/texmf-dist/tex/context/base/mkii/supp-pdf.mkii
[Loading MPS to PDF converter (version 2006.09.02).]
\scratchcounter=\count99
\scratchdimen=\dimen113
\scratchbox=\box31
\nofMPsegments=\count100
\nofMParguments=\count101
\everyMPshowfont=\toks24
\MPscratchCnt=\count102
\MPscratchDim=\dimen114
\MPnumerator=\count103
\makeMPintoPDFobject=\count104
\everyMPtoPDFconversion=\toks25
) (/usr/local/texlive/2016/texmf-dist/tex/generic/oberdiek/pdftexcmds.sty
Package: pdftexcmds 2016/05/10 v0.21 Utility functions of pdfTeX for LuaTeX (HO
)

(/usr/local/texlive/2016/texmf-dist/tex/generic/oberdiek/ifluatex.sty
Package: ifluatex 2016/05/16 v1.4 Provides the ifluatex switch (HO)
Package ifluatex Info: LuaTeX not detected.
)
(/usr/local/texlive/2016/texmf-dist/tex/generic/oberdiek/ifpdf.sty
Package: ifpdf 2016/05/14 v3.1 Provides the ifpdf switch
)
Package pdftexcmds Info: LuaTeX not detected.
Package pdftexcmds Info: \pdf@primitive is available.
Package pdftexcmds Info: \pdf@ifprimitive is available.
Package pdftexcmds Info: \pdfdraftmode found.
)
(/usr/local/texlive/2016/texmf-dist/tex/latex/oberdiek/epstopdf-base.sty
Package: epstopdf-base 2016/05/15 v2.6 Base part for package epstopdf

(/usr/local/texlive/2016/texmf-dist/tex/latex/oberdiek/grfext.sty
Package: grfext 2016/05/16 v1.2 Manage graphics extensions (HO)

(/usr/local/texlive/2016/texmf-dist/tex/generic/oberdiek/kvdefinekeys.sty
Package: kvdefinekeys 2016/05/16 v1.4 Define keys (HO)
))
(/usr/local/texlive/2016/texmf-dist/tex/latex/oberdiek/kvoptions.sty
Package: kvoptions 2016/05/16 v3.12 Key value format for package options (HO)

(/usr/local/texlive/2016/texmf-dist/tex/generic/oberdiek/kvsetkeys.sty
Package: kvsetkeys 2016/05/16 v1.17 Key value parser (HO)

(/usr/local/texlive/2016/texmf-dist/tex/generic/oberdiek/etexcmds.sty
Package: etexcmds 2016/05/16 v1.6 Avoid name clashes with e-TeX commands (HO)
Package etexcmds Info: Could not find \expanded.
(etexcmds)             That can mean that you are not using pdfTeX 1.50 or
(etexcmds)             that some package has redefined \expanded.
(etexcmds)             In the latter case, load this package earlier.
)))
Package grfext Info: Graphics extension search list:
(grfext)             [.png,.pdf,.jpg,.mps,.jpeg,.jbig2,.jb2,.PNG,.PDF,.JPG,.JPE
G,.JBIG2,.JB2,.eps]
(grfext)             \AppendGraphicsExtensions on input line 456.

(/usr/local/texlive/2016/texmf-dist/tex/latex/latexconfig/epstopdf-sys.cfg
File: epstopdf-sys.cfg 2010/07/13 v1.3 Configuration of (r)epstopdf for TeX Liv
e
))
\c@lstlisting=\count105

<Resources/PoliLogo.png, id=1, 228.35312pt x 229.35687pt>
File: Resources/PoliLogo.png Graphic file (type png)

<use Resources/PoliLogo.png>
Package pdftex.def Info: Resources/PoliLogo.png used on input line 32.
(pdftex.def)             Requested size: 170.71652pt x 171.47127pt.
LaTeX Font Info:    External font `cmex10' loaded for size
(Font)              <12> on input line 32.
LaTeX Font Info:    External font `cmex10' loaded for size
(Font)              <8> on input line 32.
LaTeX Font Info:    External font `cmex10' loaded for size
(Font)              <6> on input line 32.
 [1

{/usr/local/texlive/2016/texmf-var/fonts/map/pdftex/updmap/pdftex.map} <./Resou
rces/PoliLogo.png>] (./PowerEnJoy.toc
LaTeX Font Info:    External font `cmex10' loaded for size
(Font)              <7> on input line 2.
LaTeX Font Info:    External font `cmex10' loaded for size
(Font)              <5> on input line 2.
 [1

])
\tf@toc=\write3
\openout3 = `PowerEnJoy.toc'.


[2] (./PowerEnJoy.lof)
\tf@lof=\write4
\openout4 = `PowerEnJoy.lof'.

 [3

]
Chapter 1.
(./Introduction/purpose.tex) (./Introduction/scope.tex
LaTeX Font Info:    Try loading font information for OMS+cmr on input line 4.

(/usr/local/texlive/2016/texmf-dist/tex/latex/base/omscmr.fd
File: omscmr.fd 2014/09/29 v2.5h Standard LaTeX font definitions
)
LaTeX Font Info:    Font shape `OMS/cmr/m/n' in size <10> not available
(Font)              Font shape `OMS/cmsy/m/n' tried instead on input line 4.
) [4

]
(./Introduction/definitions_acronyms_abbreviations.tex)
(./introduction/references.tex
Overfull \hbox (5.02744pt too wide) in paragraph at lines 4--5
[]\OT1/cmr/m/n/10 IEEE Stan-dard 1016 tm -2009 Stan-dard for In-for-ma-tion Tec
hnology-System
 []

) (./introduction/overview.tex [5]) [6]
Chapter 2.
(./Overall/product_prespective.tex) (./Overall/product_functions.tex [7

]
<Resources/UML.png, id=40, 1204.5pt x 1463.4675pt>
File: Resources/UML.png Graphic file (type png)
 <use Resources/UML.png>
Package pdftex.def Info: Resources/UML.png used on input line 21.
(pdftex.def)             Requested size: 345.0pt x 419.16933pt.
)
(./Overall/user_characteristics.tex) [8 <./Resources/UML.png>]
(./Overall/constraints.tex [9]) (./Overall/assumptions.tex [10]) [11]
Chapter 3.
(./SR/external_requirements.tex
<Resources/LoginMockup.pdf, id=55, 202.7575pt x 403.5075pt>
File: Resources/LoginMockup.pdf Graphic file (type pdf)

<use Resources/LoginMockup.pdf>
Package pdftex.def Info: Resources/LoginMockup.pdf used on input line 7.
(pdftex.def)             Requested size: 114.37875pt x 227.62204pt.

<Resources/RegistrationMockup.png, id=56, 203.76125pt x 404.51125pt>
File: Resources/RegistrationMockup.png Graphic file (type png)

<use Resources/RegistrationMockup.png>
Package pdftex.def Info: Resources/RegistrationMockup.png used on input line 13
.
(pdftex.def)             Requested size: 114.65894pt x 227.62204pt.
 [12

]
<Resources/MapMockup.pdf, id=61, 202.7575pt x 403.5075pt>
File: Resources/MapMockup.pdf Graphic file (type pdf)

<use Resources/MapMockup.pdf>
Package pdftex.def Info: Resources/MapMockup.pdf used on input line 19.
(pdftex.def)             Requested size: 114.37875pt x 227.62204pt.

<Resources/CarInfo.png, id=62, 202.7575pt x 403.5075pt>
File: Resources/CarInfo.png Graphic file (type png)

<use Resources/CarInfo.png>
Package pdftex.def Info: Resources/CarInfo.png used on input line 25.
(pdftex.def)             Requested size: 114.37875pt x 227.62204pt.
 [13 <./Resources/LoginMockup.pdf> <./Resources/RegistrationMockup.png>]) (./SR
/use_cases.tex
<Resources/UseCaseModel.png, id=74, 1734.48pt x 997.7275pt>
File: Resources/UseCaseModel.png Graphic file (type png)

<use Resources/UseCaseModel.png>
Package pdftex.def Info: Resources/UseCaseModel.png used on input line 5.
(pdftex.def)             Requested size: 345.0pt x 198.44583pt.
 [14 <./Resources/MapMockup.pdf> <./Resources/CarInfo.png>]
Underfull \hbox (badness 10000) in paragraph at lines 19--21

 []

[15 <./Resources/UseCaseModel.png>]
Underfull \hbox (badness 10000) in paragraph at lines 47--49

 []


Underfull \hbox (badness 10000) in paragraph at lines 66--68

 []

[16]
Underfull \hbox (badness 10000) in paragraph at lines 90--92

 []

[17]
Underfull \hbox (badness 10000) in paragraph at lines 117--119

 []

) (./SR/functional_requirement.tex [18]
<Resources/registerSequence.png, id=106, 579.16376pt x 955.57pt>
File: Resources/registerSequence.png Graphic file (type png)

<use Resources/registerSequence.png>
Package pdftex.def Info: Resources/registerSequence.png used on input line 10.
(pdftex.def)             Requested size: 345.0pt x 569.22006pt.
 [19]
Overfull \vbox (53.1645pt too high) has occurred while \output is active []


[20 <./Resources/registerSequence.png>] [21] [22]
<Resources/bookSequenceDiagram.png, id=120, 510.90875pt x 784.9325pt>
File: Resources/bookSequenceDiagram.png Graphic file (type png)

<use Resources/bookSequenceDiagram.png>
Package pdftex.def Info: Resources/bookSequenceDiagram.png used on input line 6
8.
(pdftex.def)             Requested size: 345.0pt x 530.03413pt.
 [23]
Overfull \vbox (13.97858pt too high) has occurred while \output is active []


[24 <./Resources/bookSequenceDiagram.png>] [25]
<Resources/endRent.png, id=132, 719.68875pt x 805.0075pt>
File: Resources/endRent.png Graphic file (type png)

<use Resources/endRent.png>
Package pdftex.def Info: Resources/endRent.png used on input line 95.
(pdftex.def)             Requested size: 345.0pt x 385.90788pt.

<Resources/Payment.png, id=133, 599.23875pt x 483.8075pt>
File: Resources/Payment.png Graphic file (type png)

<use Resources/Payment.png>
Package pdftex.def Info: Resources/Payment.png used on input line 102.
(pdftex.def)             Requested size: 345.0pt x 278.54889pt.
 [26] [27 <./Resources/endRent.png>] [28 <./Resources/Payment.png>] <Resources/
reportProblem.png, id=145, 742.775pt x 354.32375pt>
File: Resources/reportProblem.png Graphic file (type png)

<use Resources/reportProblem.png>
Package pdftex.def Info: Resources/reportProblem.png used on input line 138.
(pdftex.def)             Requested size: 345.0pt x 164.57501pt.
 [29] [30 <./Resources/reportProblem.png>]
(./Alloy/PowerEnJoy.als [31] [32] [33] [34] [35] [36])
<Resources/alloyConsole.png, id=174, 588.1975pt x 670.505pt>
File: Resources/alloyConsole.png Graphic file (type png)

<use Resources/alloyConsole.png>
Package pdftex.def Info: Resources/alloyConsole.png used on input line 177.
(pdftex.def)             Requested size: 345.0pt x 393.27208pt.
 [37]
<Resources/SimpleWorld.pdf, id=178, 461.40431pt x 188.06972pt>
File: Resources/SimpleWorld.pdf Graphic file (type pdf)

<use Resources/SimpleWorld.pdf>
Package pdftex.def Info: Resources/SimpleWorld.pdf used on input line 185.
(pdftex.def)             Requested size: 1349.39445pt x 550.0pt.

Overfull \hbox (205.0pt too wide) in paragraph at lines 185--186
 [] 
 []


LaTeX Warning: Float too large for page by 834.3389pt on input line 189.

<Resources/RealWorld.pdf, id=179, 504.38777pt x 101.1758pt>
File: Resources/RealWorld.pdf Graphic file (type pdf)

<use Resources/RealWorld.pdf>
Package pdftex.def Info: Resources/RealWorld.pdf used on input line 193.
(pdftex.def)             Requested size: 2743.26358pt x 550.0pt.

Overfull \hbox (205.0pt too wide) in paragraph at lines 193--194
 [] 
 []


LaTeX Warning: Float too large for page by 2228.20802pt on input line 197.

) (./SR/non_functional_requirements.tex [38 <./Resources/alloyConsole.png>]
[39 <./Resources/SimpleWorld.pdf>] [40 <./Resources/RealWorld.pdf>]) [41]
Appendix A.
[42

] [43] [44] (./PowerEnJoy.aux) ) 
Here is how much of TeX's memory you used:
 4247 strings out of 493014
 61119 string characters out of 6133350
 299406 words of memory out of 5000000
 7673 multiletter control sequences out of 15000+600000
 10747 words of font info for 38 fonts, out of 8000000 for 9000
 1141 hyphenation exceptions out of 8191
 38i,12n,44p,947b,1714s stack positions out of 5000i,500n,10000p,200000b,80000s
</usr/local/texlive/2016/texmf-dist/fonts/type1
/public/amsfonts/cm/cmbx10.pfb></usr/local/texlive/2016/texmf-dist/fonts/type1/
public/amsfonts/cm/cmbx12.pfb></usr/local/texlive/2016/texmf-dist/fonts/type1/p
ublic/amsfonts/cm/cmmi10.pfb></usr/local/texlive/2016/texmf-dist/fonts/type1/pu
blic/amsfonts/cm/cmr10.pfb></usr/local/texlive/2016/texmf-dist/fonts/type1/publ
ic/amsfonts/cm/cmr12.pfb></usr/local/texlive/2016/texmf-dist/fonts/type1/public
/amsfonts/cm/cmr17.pfb></usr/local/texlive/2016/texmf-dist/fonts/type1/public/a
msfonts/cm/cmr7.pfb></usr/local/texlive/2016/texmf-dist/fonts/type1/public/amsf
onts/cm/cmsy10.pfb></usr/local/texlive/2016/texmf-dist/fonts/type1/public/amsfo
nts/cm/cmti10.pfb></usr/local/texlive/2016/texmf-dist/fonts/type1/public/amsfon
ts/cm/cmti12.pfb></usr/local/texlive/2016/texmf-dist/fonts/type1/public/amsfont
s/cm/cmtt9.pfb>
Output written on PowerEnJoy.pdf (45 pages, 1079966 bytes).
PDF statistics:
 254 PDF objects out of 1000 (max. 8388607)
 160 compressed objects within 2 object streams
 0 named destinations out of 1000 (max. 500000)
 76 words of extra memory for PDF output out of 10000 (max. 10000000)

