\BOOKMARK [0][-]{chapter.1}{Introduction}{}% 1
\BOOKMARK [1][-]{subsection.1.0.1}{Purpose and Scope}{chapter.1}% 2
\BOOKMARK [1][-]{section.1.1}{List of definitions and abbreviations}{chapter.1}% 3
\BOOKMARK [2][-]{paragraph.1.1.0.0.1}{Definitions}{section.1.1}% 4
\BOOKMARK [3][-]{paragraph.1.1.0.0.2}{Acronyms}{paragraph.1.1.0.0.1}% 5
\BOOKMARK [1][-]{section.1.2}{List of reference documents}{chapter.1}% 6
\BOOKMARK [0][-]{chapter.2}{Integration Strategy}{}% 7
\BOOKMARK [1][-]{section.2.1}{Entry Criteria}{chapter.2}% 8
\BOOKMARK [1][-]{section.2.2}{Elements to be integrated}{chapter.2}% 9
\BOOKMARK [1][-]{section.2.3}{Integration testing strategy}{chapter.2}% 10
\BOOKMARK [1][-]{section.2.4}{Sequence of component/function integration}{chapter.2}% 11
\BOOKMARK [2][-]{subsection.2.4.1}{Software integration sequence}{section.2.4}% 12
\BOOKMARK [2][-]{subsection.2.4.2}{Subsystem integration sequence}{section.2.4}% 13
\BOOKMARK [0][-]{chapter.3}{Individual steps and test description}{}% 14
\BOOKMARK [0][-]{chapter.4}{Tools and test equipment required}{}% 15
\BOOKMARK [0][-]{chapter.5}{Program stubs and test data required}{}% 16
\BOOKMARK [0][-]{appendix.A}{Appendix}{}% 17
\BOOKMARK [1][-]{section.A.1}{Tools}{appendix.A}% 18
\BOOKMARK [1][-]{section.A.2}{Hours of work}{appendix.A}% 19
\BOOKMARK [1][-]{section.A.3}{Version History}{appendix.A}% 20
