This is pdfTeX, Version 3.14159265-2.6-1.40.17 (TeX Live 2016) (preloaded format=pdflatex 2016.10.22)  5 FEB 2017 02:12
entering extended mode
 restricted \write18 enabled.
 file:line:error style messages enabled.
 %&-line parsing enabled.
**"Code Inspection.tex"
(./Code Inspection.tex
LaTeX2e <2016/03/31>
Babel <3.9r> and hyphenation patterns for 83 language(s) loaded.
(../Common/Structure/doc_pdf.cls

LaTeX Warning: You have requested document class `../Common/Structure/doc_pdf',

               but the document class provides `doc_pdf'.

Document Class: doc_pdf 
(/usr/local/texlive/2016/texmf-dist/tex/latex/base/report.cls
Document Class: report 2014/09/29 v1.4h Standard LaTeX document class
(/usr/local/texlive/2016/texmf-dist/tex/latex/base/size10.clo
File: size10.clo 2014/09/29 v1.4h Standard LaTeX file (size option)
)
\c@part=\count79
\c@chapter=\count80
\c@section=\count81
\c@subsection=\count82
\c@subsubsection=\count83
\c@paragraph=\count84
\c@subparagraph=\count85
\c@figure=\count86
\c@table=\count87
\abovecaptionskip=\skip41
\belowcaptionskip=\skip42
\bibindent=\dimen102
)
(/usr/local/texlive/2016/texmf-dist/tex/latex/graphics/graphicx.sty
Package: graphicx 2014/10/28 v1.0g Enhanced LaTeX Graphics (DPC,SPQR)

(/usr/local/texlive/2016/texmf-dist/tex/latex/graphics/keyval.sty
Package: keyval 2014/10/28 v1.15 key=value parser (DPC)
\KV@toks@=\toks14
)
(/usr/local/texlive/2016/texmf-dist/tex/latex/graphics/graphics.sty
Package: graphics 2016/05/09 v1.0r Standard LaTeX Graphics (DPC,SPQR)

(/usr/local/texlive/2016/texmf-dist/tex/latex/graphics/trig.sty
Package: trig 2016/01/03 v1.10 sin cos tan (DPC)
)
(/usr/local/texlive/2016/texmf-dist/tex/latex/graphics-cfg/graphics.cfg
File: graphics.cfg 2016/01/02 v1.10 sample graphics configuration
)
Package graphics Info: Driver file: pdftex.def on input line 96.

(/usr/local/texlive/2016/texmf-dist/tex/latex/pdftex-def/pdftex.def
File: pdftex.def 2011/05/27 v0.06d Graphics/color for pdfTeX

(/usr/local/texlive/2016/texmf-dist/tex/generic/oberdiek/infwarerr.sty
Package: infwarerr 2016/05/16 v1.4 Providing info/warning/error messages (HO)
)
(/usr/local/texlive/2016/texmf-dist/tex/generic/oberdiek/ltxcmds.sty
Package: ltxcmds 2016/05/16 v1.23 LaTeX kernel commands for general use (HO)
)
\Gread@gobject=\count88
))
\Gin@req@height=\dimen103
\Gin@req@width=\dimen104
)
(/usr/local/texlive/2016/texmf-dist/tex/latex/caption/caption.sty
Package: caption 2016/02/21 v3.3-144 Customizing captions (AR)

(/usr/local/texlive/2016/texmf-dist/tex/latex/caption/caption3.sty
Package: caption3 2016/02/04 v1.7-139 caption3 kernel (AR)
Package caption3 Info: TeX engine: e-TeX on input line 67.
\captionmargin=\dimen105
\captionmargin@=\dimen106
\captionwidth=\dimen107
\caption@tempdima=\dimen108
\caption@indent=\dimen109
\caption@parindent=\dimen110
\caption@hangindent=\dimen111
)
\c@ContinuedFloat=\count89
)
(/usr/local/texlive/2016/texmf-dist/tex/latex/hyperref/hyperref.sty
Package: hyperref 2016/05/05 v6.83n Hypertext links for LaTeX

(/usr/local/texlive/2016/texmf-dist/tex/generic/oberdiek/hobsub-hyperref.sty
Package: hobsub-hyperref 2016/05/16 v1.14 Bundle oberdiek, subset hyperref (HO)


(/usr/local/texlive/2016/texmf-dist/tex/generic/oberdiek/hobsub-generic.sty
Package: hobsub-generic 2016/05/16 v1.14 Bundle oberdiek, subset generic (HO)
Package: hobsub 2016/05/16 v1.14 Construct package bundles (HO)
Package hobsub Info: Skipping package `infwarerr' (already loaded).
Package hobsub Info: Skipping package `ltxcmds' (already loaded).
Package: ifluatex 2016/05/16 v1.4 Provides the ifluatex switch (HO)
Package ifluatex Info: LuaTeX not detected.
Package: ifvtex 2016/05/16 v1.6 Detect VTeX and its facilities (HO)
Package ifvtex Info: VTeX not detected.
Package: intcalc 2016/05/16 v1.2 Expandable calculations with integers (HO)
Package: ifpdf 2016/05/14 v3.1 Provides the ifpdf switch
Package: etexcmds 2016/05/16 v1.6 Avoid name clashes with e-TeX commands (HO)
Package etexcmds Info: Could not find \expanded.
(etexcmds)             That can mean that you are not using pdfTeX 1.50 or
(etexcmds)             that some package has redefined \expanded.
(etexcmds)             In the latter case, load this package earlier.
Package: kvsetkeys 2016/05/16 v1.17 Key value parser (HO)
Package: kvdefinekeys 2016/05/16 v1.4 Define keys (HO)
Package: pdftexcmds 2016/05/10 v0.21 Utility functions of pdfTeX for LuaTeX (HO
)
Package pdftexcmds Info: LuaTeX not detected.
Package pdftexcmds Info: \pdf@primitive is available.
Package pdftexcmds Info: \pdf@ifprimitive is available.
Package pdftexcmds Info: \pdfdraftmode found.
Package: pdfescape 2016/05/16 v1.14 Implements pdfTeX's escape features (HO)
Package: bigintcalc 2016/05/16 v1.4 Expandable calculations on big integers (HO
)
Package: bitset 2016/05/16 v1.2 Handle bit-vector datatype (HO)
Package: uniquecounter 2016/05/16 v1.3 Provide unlimited unique counter (HO)
)
Package hobsub Info: Skipping package `hobsub' (already loaded).
Package: letltxmacro 2016/05/16 v1.5 Let assignment for LaTeX macros (HO)
Package: hopatch 2016/05/16 v1.3 Wrapper for package hooks (HO)
Package: xcolor-patch 2016/05/16 xcolor patch
Package: atveryend 2016/05/16 v1.9 Hooks at the very end of document (HO)
Package atveryend Info: \enddocument detected (standard20110627).
Package: atbegshi 2016/05/16 v1.17 At begin shipout hook (HO)
Package: refcount 2016/05/16 v3.5 Data extraction from label references (HO)
Package: hycolor 2016/05/16 v1.8 Color options for hyperref/bookmark (HO)
)
(/usr/local/texlive/2016/texmf-dist/tex/generic/ifxetex/ifxetex.sty
Package: ifxetex 2010/09/12 v0.6 Provides ifxetex conditional
)
(/usr/local/texlive/2016/texmf-dist/tex/latex/oberdiek/auxhook.sty
Package: auxhook 2016/05/16 v1.4 Hooks for auxiliary files (HO)
)
(/usr/local/texlive/2016/texmf-dist/tex/latex/oberdiek/kvoptions.sty
Package: kvoptions 2016/05/16 v3.12 Key value format for package options (HO)
)
\@linkdim=\dimen112
\Hy@linkcounter=\count90
\Hy@pagecounter=\count91

(/usr/local/texlive/2016/texmf-dist/tex/latex/hyperref/pd1enc.def
File: pd1enc.def 2016/05/05 v6.83n Hyperref: PDFDocEncoding definition (HO)
)
\Hy@SavedSpaceFactor=\count92

(/usr/local/texlive/2016/texmf-dist/tex/latex/latexconfig/hyperref.cfg
File: hyperref.cfg 2002/06/06 v1.2 hyperref configuration of TeXLive
)
Package hyperref Info: Hyper figures OFF on input line 4446.
Package hyperref Info: Link nesting OFF on input line 4451.
Package hyperref Info: Hyper index ON on input line 4454.
Package hyperref Info: Plain pages OFF on input line 4461.
Package hyperref Info: Backreferencing OFF on input line 4466.
Package hyperref Info: Implicit mode ON; LaTeX internals redefined.
Package hyperref Info: Bookmarks ON on input line 4691.
\c@Hy@tempcnt=\count93

(/usr/local/texlive/2016/texmf-dist/tex/latex/url/url.sty
\Urlmuskip=\muskip10
Package: url 2013/09/16  ver 3.4  Verb mode for urls, etc.
)
LaTeX Info: Redefining \url on input line 5044.
\XeTeXLinkMargin=\dimen113
\Fld@menulength=\count94
\Field@Width=\dimen114
\Fld@charsize=\dimen115
Package hyperref Info: Hyper figures OFF on input line 6298.
Package hyperref Info: Link nesting OFF on input line 6303.
Package hyperref Info: Hyper index ON on input line 6306.
Package hyperref Info: backreferencing OFF on input line 6313.
Package hyperref Info: Link coloring OFF on input line 6318.
Package hyperref Info: Link coloring with OCG OFF on input line 6323.
Package hyperref Info: PDF/A mode OFF on input line 6328.
LaTeX Info: Redefining \ref on input line 6368.
LaTeX Info: Redefining \pageref on input line 6372.
\Hy@abspage=\count95
\c@Item=\count96
\c@Hfootnote=\count97
)

Package hyperref Message: Driver (autodetected): hpdftex.

(/usr/local/texlive/2016/texmf-dist/tex/latex/hyperref/hpdftex.def
File: hpdftex.def 2016/05/05 v6.83n Hyperref driver for pdfTeX
\Fld@listcount=\count98
\c@bookmark@seq@number=\count99

(/usr/local/texlive/2016/texmf-dist/tex/latex/oberdiek/rerunfilecheck.sty
Package: rerunfilecheck 2016/05/16 v1.8 Rerun checks for auxiliary files (HO)
Package uniquecounter Info: New unique counter `rerunfilecheck' on input line 2
82.
)
\Hy@SectionHShift=\skip43
)
(/usr/local/texlive/2016/texmf-dist/tex/latex/titlepic/titlepic.sty
Package: titlepic 2009/08/03 1.1 Package to display a picture on the title page

)
(/usr/local/texlive/2016/texmf-dist/tex/latex/listings/listings.sty
\lst@mode=\count100
\lst@gtempboxa=\box26
\lst@token=\toks15
\lst@length=\count101
\lst@currlwidth=\dimen116
\lst@column=\count102
\lst@pos=\count103
\lst@lostspace=\dimen117
\lst@width=\dimen118
\lst@newlines=\count104
\lst@lineno=\count105
\lst@maxwidth=\dimen119

(/usr/local/texlive/2016/texmf-dist/tex/latex/listings/lstmisc.sty
File: lstmisc.sty 2015/06/04 1.6 (Carsten Heinz)
\c@lstnumber=\count106
\lst@skipnumbers=\count107
\lst@framebox=\box27
)
(/usr/local/texlive/2016/texmf-dist/tex/latex/listings/listings.cfg
File: listings.cfg 2015/06/04 1.6 listings configuration
))
Package: listings 2015/06/04 1.6 (Carsten Heinz)

(/usr/local/texlive/2016/texmf-dist/tex/latex/graphics/color.sty
Package: color 2016/05/09 v1.1c Standard LaTeX Color (DPC)

(/usr/local/texlive/2016/texmf-dist/tex/latex/graphics-cfg/color.cfg
File: color.cfg 2016/01/02 v1.6 sample color configuration
)
Package color Info: Driver file: pdftex.def on input line 144.
)
(/usr/local/texlive/2016/texmf-dist/tex/latex/tabulary/tabulary.sty
Package: tabulary 2014/06/11 v0.10 tabulary package (DPC)

(/usr/local/texlive/2016/texmf-dist/tex/latex/tools/array.sty
Package: array 2014/10/28 v2.4c Tabular extension package (FMi)
\col@sep=\dimen120
\extrarowheight=\dimen121
\NC@list=\toks16
\extratabsurround=\skip44
\backup@length=\skip45
)
\TY@count=\count108
\TY@linewidth=\dimen122
\tymin=\dimen123
\tymax=\dimen124
\TY@tablewidth=\dimen125
)
(/usr/local/texlive/2016/texmf-dist/tex/latex/datetime/datetime.sty
Package: datetime 2015/03/20 v2.60 Date Time Package

(/usr/local/texlive/2016/texmf-dist/tex/latex/etoolbox/etoolbox.sty
Package: etoolbox 2015/08/02 v2.2a e-TeX tools for LaTeX (JAW)
\etb@tempcnta=\count109
)
(/usr/local/texlive/2016/texmf-dist/tex/latex/fmtcount/fmtcount.sty
Package: fmtcount 2015/05/05 v3.01

(/usr/local/texlive/2016/texmf-dist/tex/latex/base/ifthen.sty
Package: ifthen 2014/09/29 v1.1c Standard LaTeX ifthen package (DPC)
)
(/usr/local/texlive/2016/texmf-dist/tex/latex/xkeyval/xkeyval.sty
Package: xkeyval 2014/12/03 v2.7a package option processing (HA)

(/usr/local/texlive/2016/texmf-dist/tex/generic/xkeyval/xkeyval.tex
(/usr/local/texlive/2016/texmf-dist/tex/generic/xkeyval/xkvutils.tex
\XKV@toks=\toks17
\XKV@tempa@toks=\toks18
)
\XKV@depth=\count110
File: xkeyval.tex 2014/12/03 v2.7a key=value parser (HA)
))
(/usr/local/texlive/2016/texmf-dist/tex/latex/fmtcount/fcprefix.sty
Package: fcprefix 2012/09/28

(/usr/local/texlive/2016/texmf-dist/tex/latex/fmtcount/fcnumparser.sty
Package: fcnumparser 2012/09/28
\fc@digit@counter=\count111
))
(/usr/local/texlive/2016/texmf-dist/tex/latex/amsmath/amsgen.sty
File: amsgen.sty 1999/11/30 v2.0 generic functions
\@emptytoks=\toks19
\ex@=\dimen126
)
\c@padzeroesN=\count112
\fc@tmpcatcode=\count113
\@DT@modctr=\count114
\@ordinalctr=\count115
\@orgargctr=\count116
\@strctr=\count117
\@tmpstrctr=\count118
\@DT@loopN=\count119
\@DT@X=\count120

(/usr/local/texlive/2016/texmf-dist/tex/latex/fmtcount/fc-english.def
File: fc-english.def 2013/08/17
))
(/usr/local/texlive/2016/texmf-dist/tex/latex/datetime/datetime-defaults.sty
Package: datetime-defaults 2013/09/10
)
\@day=\count121
\@month=\count122
\@year=\count123
\c@HOUR=\count124
\c@HOURXII=\count125
\c@MINUTE=\count126
\c@TOHOUR=\count127
\c@TOMINUTE=\count128
\c@SECOND=\count129
\currenthour=\count130
\currentminute=\count131
\currentsecond=\count132
Package datetime Info: No datetime.cfg file found, using default settings on in
put line 308.
\@dtctr=\count133
\dayofyear=\count134
\dayofweek=\count135
LaTeX Info: Redefining \today on input line 736.
\dt@a=\toks20
\dt@b=\toks21
)
(/usr/local/texlive/2016/texmf-dist/tex/latex/lipsum/lipsum.sty
Package: lipsum 2014/07/27 v1.3 150 paragraphs of Lorem Ipsum dummy text
\c@lips@count=\count136
)
(/usr/local/texlive/2016/texmf-dist/tex/latex/xcolor/xcolor.sty
Package: xcolor 2016/05/11 v2.12 LaTeX color extensions (UK)

(/usr/local/texlive/2016/texmf-dist/tex/latex/graphics-cfg/color.cfg
File: color.cfg 2016/01/02 v1.6 sample color configuration
)
Package xcolor Info: Driver file: pdftex.def on input line 225.
LaTeX Info: Redefining \color on input line 709.
Package xcolor Info: Model `cmy' substituted by `cmy0' on input line 1348.
Package xcolor Info: Model `hsb' substituted by `rgb' on input line 1352.
Package xcolor Info: Model `RGB' extended on input line 1364.
Package xcolor Info: Model `HTML' substituted by `rgb' on input line 1366.
Package xcolor Info: Model `Hsb' substituted by `hsb' on input line 1367.
Package xcolor Info: Model `tHsb' substituted by `hsb' on input line 1368.
Package xcolor Info: Model `HSB' substituted by `hsb' on input line 1369.
Package xcolor Info: Model `Gray' substituted by `gray' on input line 1370.
Package xcolor Info: Model `wave' substituted by `hsb' on input line 1371.

(/usr/local/texlive/2016/texmf-dist/tex/latex/graphics/dvipsnam.def
File: dvipsnam.def 2015/12/30 v3.0k Driver-dependent file (DPC,SPQR)
))
(/usr/local/texlive/2016/texmf-dist/tex/latex/soul/soul.sty
Package: soul 2003/11/17 v2.4 letterspacing/underlining (mf)
\SOUL@word=\toks22
\SOUL@lasttoken=\toks23
\SOUL@cmds=\toks24
\SOUL@buffer=\toks25
\SOUL@token=\toks26
\SOUL@spaceskip=\skip46
\SOUL@ttwidth=\dimen127
\SOUL@uldp=\dimen128
\SOUL@ulht=\dimen129
)
(/usr/local/texlive/2016/texmf-dist/tex/latex/titling/titling.sty
Package: titling 2009/09/04 v2.1d maketitle typesetting
\thanksmarkwidth=\skip47
\thanksmargin=\skip48
\droptitle=\skip49
)
(/usr/local/texlive/2016/texmf-dist/tex/latex/float/float.sty
Package: float 2001/11/08 v1.3d Float enhancements (AL)
\c@float@type=\count137
\float@exts=\toks27
\float@box=\box28
\@float@everytoks=\toks28
\@floatcapt=\box29
)
(/usr/local/texlive/2016/texmf-dist/tex/latex/enumitem/enumitem.sty
Package: enumitem 2011/09/28 v3.5.2 Customized lists
\labelindent=\skip50
\enit@outerparindent=\dimen130
\enit@toks=\toks29
\enit@inbox=\box30
\enitdp@description=\count138
)
(/usr/local/texlive/2016/texmf-dist/tex/latex/fancyhdr/fancyhdr.sty
\fancy@headwidth=\skip51
\f@ncyO@elh=\skip52
\f@ncyO@erh=\skip53
\f@ncyO@olh=\skip54
\f@ncyO@orh=\skip55
\f@ncyO@elf=\skip56
\f@ncyO@erf=\skip57
\f@ncyO@olf=\skip58
\f@ncyO@orf=\skip59
)
(/usr/local/texlive/2016/texmf-dist/tex/latex/multirow/multirow.sty
\bigstrutjot=\dimen131
)
(/usr/local/texlive/2016/texmf-dist/tex/latex/amsmath/amsmath.sty
Package: amsmath 2016/03/10 v2.15b AMS math features
\@mathmargin=\skip60

For additional information on amsmath, use the `?' option.
(/usr/local/texlive/2016/texmf-dist/tex/latex/amsmath/amstext.sty
Package: amstext 2000/06/29 v2.01 AMS text
)
(/usr/local/texlive/2016/texmf-dist/tex/latex/amsmath/amsbsy.sty
Package: amsbsy 1999/11/29 v1.2d Bold Symbols
\pmbraise@=\dimen132
)
(/usr/local/texlive/2016/texmf-dist/tex/latex/amsmath/amsopn.sty
Package: amsopn 2016/03/08 v2.02 operator names
)
\inf@bad=\count139
LaTeX Info: Redefining \frac on input line 199.
\uproot@=\count140
\leftroot@=\count141
LaTeX Info: Redefining \overline on input line 297.
\classnum@=\count142
\DOTSCASE@=\count143
LaTeX Info: Redefining \ldots on input line 394.
LaTeX Info: Redefining \dots on input line 397.
LaTeX Info: Redefining \cdots on input line 518.
\Mathstrutbox@=\box31
\strutbox@=\box32
\big@size=\dimen133
LaTeX Font Info:    Redeclaring font encoding OML on input line 634.
LaTeX Font Info:    Redeclaring font encoding OMS on input line 635.
\macc@depth=\count144
\c@MaxMatrixCols=\count145
\dotsspace@=\muskip11
\c@parentequation=\count146
\dspbrk@lvl=\count147
\tag@help=\toks30
\row@=\count148
\column@=\count149
\maxfields@=\count150
\andhelp@=\toks31
\eqnshift@=\dimen134
\alignsep@=\dimen135
\tagshift@=\dimen136
\tagwidth@=\dimen137
\totwidth@=\dimen138
\lineht@=\dimen139
\@envbody=\toks32
\multlinegap=\skip61
\multlinetaggap=\skip62
\mathdisplay@stack=\toks33
LaTeX Info: Redefining \[ on input line 2739.
LaTeX Info: Redefining \] on input line 2740.
)
(/usr/local/texlive/2016/texmf-dist/tex/latex/algorithms/algorithm.sty
Package: algorithm 2009/08/24 v0.1 Document Style `algorithm' - floating enviro
nment
\@float@every@algorithm=\toks34
\c@algorithm=\count151
)
(/usr/local/texlive/2016/texmf-dist/tex/latex/algorithmicx/algpseudocode.sty
Package: algpseudocode 

(/usr/local/texlive/2016/texmf-dist/tex/latex/algorithmicx/algorithmicx.sty
Package: algorithmicx 2005/04/27 v1.2 Algorithmicx

Document Style algorithmicx 1.2 - a greatly improved `algorithmic' style
\c@ALG@line=\count152
\c@ALG@rem=\count153
\c@ALG@nested=\count154
\ALG@tlm=\skip63
\ALG@thistlm=\skip64
\c@ALG@Lnr=\count155
\c@ALG@blocknr=\count156
\c@ALG@storecount=\count157
\c@ALG@tmpcounter=\count158
\ALG@tmplength=\skip65
)
Document Style - pseudocode environments for use with the `algorithmicx' style
)
Package hyperref Info: Option `colorlinks' set `true' on input line 113.
)

Package Fancyhdr Warning: \fancyfoot's `E' option without twoside option is use
less on input line 4.

(/usr/local/texlive/2016/texmf-dist/tex/latex/listings/lstlang1.sty
File: lstlang1.sty 2015/06/04 1.6 listings language file
)
(./Code Inspection.aux)
\openout1 = `"Code Inspection.aux"'.

LaTeX Font Info:    Checking defaults for OML/cmm/m/it on input line 14.
LaTeX Font Info:    ... okay on input line 14.
LaTeX Font Info:    Checking defaults for T1/cmr/m/n on input line 14.
LaTeX Font Info:    ... okay on input line 14.
LaTeX Font Info:    Checking defaults for OT1/cmr/m/n on input line 14.
LaTeX Font Info:    ... okay on input line 14.
LaTeX Font Info:    Checking defaults for OMS/cmsy/m/n on input line 14.
LaTeX Font Info:    ... okay on input line 14.
LaTeX Font Info:    Checking defaults for OMX/cmex/m/n on input line 14.
LaTeX Font Info:    ... okay on input line 14.
LaTeX Font Info:    Checking defaults for U/cmr/m/n on input line 14.
LaTeX Font Info:    ... okay on input line 14.
LaTeX Font Info:    Checking defaults for PD1/pdf/m/n on input line 14.
LaTeX Font Info:    ... okay on input line 14.

(/usr/local/texlive/2016/texmf-dist/tex/context/base/mkii/supp-pdf.mkii
[Loading MPS to PDF converter (version 2006.09.02).]
\scratchcounter=\count159
\scratchdimen=\dimen140
\scratchbox=\box33
\nofMPsegments=\count160
\nofMParguments=\count161
\everyMPshowfont=\toks35
\MPscratchCnt=\count162
\MPscratchDim=\dimen141
\MPnumerator=\count163
\makeMPintoPDFobject=\count164
\everyMPtoPDFconversion=\toks36
) (/usr/local/texlive/2016/texmf-dist/tex/latex/oberdiek/epstopdf-base.sty
Package: epstopdf-base 2016/05/15 v2.6 Base part for package epstopdf

(/usr/local/texlive/2016/texmf-dist/tex/latex/oberdiek/grfext.sty
Package: grfext 2016/05/16 v1.2 Manage graphics extensions (HO)
)
Package grfext Info: Graphics extension search list:
(grfext)             [.png,.pdf,.jpg,.mps,.jpeg,.jbig2,.jb2,.PNG,.PDF,.JPG,.JPE
G,.JBIG2,.JB2,.eps]
(grfext)             \AppendGraphicsExtensions on input line 456.

(/usr/local/texlive/2016/texmf-dist/tex/latex/latexconfig/epstopdf-sys.cfg
File: epstopdf-sys.cfg 2010/07/13 v1.3 Configuration of (r)epstopdf for TeX Liv
e
))
Package caption Info: Begin \AtBeginDocument code.
Package caption Info: float package is loaded.
Package caption Info: hyperref package is loaded.
Package caption Info: listings package is loaded.
Package caption Info: End \AtBeginDocument code.
\AtBeginShipoutBox=\box34
Package hyperref Info: Link coloring ON on input line 14.

(/usr/local/texlive/2016/texmf-dist/tex/latex/hyperref/nameref.sty
Package: nameref 2012/10/27 v2.43 Cross-referencing by name of section

(/usr/local/texlive/2016/texmf-dist/tex/generic/oberdiek/gettitlestring.sty
Package: gettitlestring 2016/05/16 v1.5 Cleanup title references (HO)
)
\c@section@level=\count165
)
LaTeX Info: Redefining \ref on input line 14.
LaTeX Info: Redefining \pageref on input line 14.
LaTeX Info: Redefining \nameref on input line 14.

(./Code Inspection.out) (./Code Inspection.out)
\@outlinefile=\write3
\openout3 = `"Code Inspection.out"'.

\c@lstlisting=\count166

<../Common/Resources/PoliLogo.png, id=80, 228.35312pt x 229.35687pt>
File: ../Common/Resources/PoliLogo.png Graphic file (type png)

<use ../Common/Resources/PoliLogo.png>
Package pdftex.def Info: ../Common/Resources/PoliLogo.png used on input line 15
.
(pdftex.def)             Requested size: 170.71652pt x 171.47127pt.
 [1

{/usr/local/texlive/2016/texmf-var/fonts/map/pdftex/updmap/pdftex.map} <../Comm
on/Resources/PoliLogo.png>]
(./Code Inspection.toc)
\tf@toc=\write4
\openout4 = `"Code Inspection.toc"'.

pdfTeX warning (ext4): destination with the same identifier (name{page.1}) has 
been already used, duplicate ignored
<to be read again> 
                   \relax 
l.17 \chapter
             {Introduction} [1

]
Chapter 1.
(./Introduction/introduction.tex
Overfull \hbox (1.49698pt too wide) in paragraph at lines 10--10
[]  \OT1/cmtt/m/n/10 org.apache.ofbiz.order.shoppingcart.product.ProductDisplay
Worker[] 
 []


Overfull \hbox (80.24629pt too wide) in paragraph at lines 10--10
[]  \OT1/cmtt/m/n/10 org.apache.ofbiz.order.shoppingcart.product.ProductPromoWo
rker.ActionResultInfo[] 
 []


Overfull \hbox (38.24666pt too wide) in paragraph at lines 10--10
[]  \OT1/cmtt/m/n/10 org.apache.ofbiz.order.shoppingcart.product.ProductStoreCa
rtAwareEvents[] 
 []

Package hyperref Info: bookmark level for unknown lstlisting defaults to 0 on i
nput line 24.
(./ProductDisplayWorker.java
Overfull \hbox (32.9956pt too wide) in paragraph at lines 1--2
[][][][][][][][][][][]  
 []

[2

]
Overfull \hbox (37.24802pt too wide) in paragraph at lines 18--19
[][][][][][][][][][][][]  
 []


Overfull \hbox (117.2547pt too wide) in paragraph at lines 57--59
[][][][][][][][]  
 []

[3]
Overfull \hbox (59.6099pt too wide) in paragraph at lines 77--79
[][][][][][][][][][][][][][][][][][][][][][][][][][][][][][][][][][] 
 []


Overfull \hbox (31.26022pt too wide) in paragraph at lines 77--79
[][][][][][][][][][][][][][][][][][][][][][][][][]  
 []


Overfull \hbox (102.1344pt too wide) in paragraph at lines 79--80
[][][][][][][][][][][][][][][][][][][][][][][][][][][][][][][][][][] 
 []


Overfull \hbox (26.53528pt too wide) in paragraph at lines 79--80
[][][][][][][][][][][][][][][][][][][][]  
 []


Overfull \hbox (41.65479pt too wide) in paragraph at lines 82--83
[][][][][][][][][][][][][][][][] 
 []


Overfull \hbox (173.95325pt too wide) in paragraph at lines 83--84
[][][][][][][][][][][][][][][][][][][][][][][][][][][][][][][] 
 []


Overfull \hbox (44.4896pt too wide) in paragraph at lines 84--85
[][][][][][][][][][][][][][][][] 
 []

[4]
Overfull \hbox (87.95877pt too wide) in paragraph at lines 87--88
[][][][][][][][][][][][][][][][][][][][][][][] 
 []


Overfull \hbox (37.71896pt too wide) in paragraph at lines 89--90
[][][][][][][][][][][][][][][][][][][][][][][][][][] 
 []


Overfull \hbox (74.7294pt too wide) in paragraph at lines 99--100
[][][][][][][][][][][][][][][][][][][][][][][] 
 []


Overfull \hbox (2.91055pt too wide) in paragraph at lines 117--118
[][][][][][][][] 
 []


Overfull \hbox (1.02042pt too wide) in paragraph at lines 121--122
[][][][][][][][] 
 []

[5]
Overfull \hbox (146.54904pt too wide) in paragraph at lines 158--159
[][][][][][][][][][][][][][][][][][][][][][][][]  
 []


Overfull \hbox (193.7985pt too wide) in paragraph at lines 159--160
[][][][][][][][][][][][][][][][][][][][][][][][]  
 []


Overfull \hbox (193.7985pt too wide) in paragraph at lines 160--162
[][][][][][][][][][][][][][][][][][][][][][][][]  
 []

[6]
Overfull \hbox (35.98517pt too wide) in paragraph at lines 169--170
[][][][][][][][][][][][][][][][][][][][][][][][][][][][][][][][][][] 
 []


Overfull \hbox (20.86487pt too wide) in paragraph at lines 187--189
[][][][][][][][][][][][][][][][][][][][][]  
 []


Overfull \hbox (29.21454pt too wide) in paragraph at lines 193--195
[][][][][][][][][][][][][][][][][][][][][][][][][][] 
 []

[7]
Overfull \hbox (20.86487pt too wide) in paragraph at lines 195--197
[][][][][][][][][][][][][][][][][][][][][]  
 []


Overfull \hbox (29.21454pt too wide) in paragraph at lines 198--199
[][][][][][][][][][][][][][][][][][][][][][][][][][] 
 []


Overfull \hbox (34.88495pt too wide) in paragraph at lines 214--215
[][][][][][][][][][][][][][][][][][][][][][][][] 
 []


Overfull \hbox (82.1344pt too wide) in paragraph at lines 215--216
[][][][][][][][][][][][][][][][][][][][][][][][] 
 []


Overfull \hbox (82.1344pt too wide) in paragraph at lines 216--217
[][][][][][][][][][][][][][][][][][][][][][][][] 
 []

[8]
Overfull \hbox (2.91055pt too wide) in paragraph at lines 237--238
[][][][][][][][] 
 []


Overfull \hbox (2.91055pt too wide) in paragraph at lines 261--262
[][][][][][][][] 
 []


Overfull \hbox (24.64514pt too wide) in paragraph at lines 262--263
[][][][][][][][][][][][][][][][][][][][][][][]  
 []


Overfull \hbox (57.71976pt too wide) in paragraph at lines 265--266
[][][][][][][][][][][][][][][][][][][][][][][][][][][] 
 []


Overfull \hbox (24.64514pt too wide) in paragraph at lines 265--266
[][][][][][][][][][][][][][][][][][][][][][][]  
 []

[9]
Overfull \hbox (31.26022pt too wide) in paragraph at lines 268--270
[][][][][][][][][][][][][][][][][]  
 []

[10])) [11]
Chapter 2.
(./Functional/functional.tex
LaTeX Font Info:    Try loading font information for OMS+cmr on input line 6.

(/usr/local/texlive/2016/texmf-dist/tex/latex/base/omscmr.fd
File: omscmr.fd 2014/09/29 v2.5h Standard LaTeX font definitions
)
LaTeX Font Info:    Font shape `OMS/cmr/m/n' in size <10> not available
(Font)              Font shape `OMS/cmsy/m/n' tried instead on input line 6.

./Functional/functional.tex:8: Undefined control sequence.
l.8   apply a sort of \textlf
                             {Recommened System Algorithm}. This is done by ...

? 
) [12

]
Chapter 3.
(./Issue/issue.tex (./ProductDisplayWorkerNoIndent.java)
(./ProductDisplayWorkerNoIndent.java)
Overfull \hbox (5.49673pt too wide) in paragraph at lines 160--14
[][][][][][][][][][][][] 
 []

(./ProductDisplayWorkerNoIndent.java) (./ProductDisplayWorkerNoIndent.java)
[13

] (./ProductDisplayWorkerNoIndent.java) (./ProductDisplayWorkerNoIndent.java)
Overfull \hbox (10.22168pt too wide) in paragraph at lines 268--20
[][][][][][][][][][][][][][][][][]  
 []

(./ProductDisplayWorkerNoIndent.java) (./ProductDisplayWorkerNoIndent.java)
(./ProductDisplayWorkerNoIndent.java) (./ProductDisplayWorkerNoIndent.java)
(./ProductDisplayWorkerNoIndent.java) [14]
./Issue/issue.tex:45: Undefined control sequence.
\enit@enditemize ->\enit@after 
                               \endlist \ifx \enit@series \relax \else \ifnu...
l.45 \end{itemize}
                  
? 
./Issue/issue.tex:45: Undefined control sequence.
\enit@enditemize ...x \else \ifnum \enit@resuming 
                                                  =\@ne \enit@setresumekeys ...
l.45 \end{itemize}
                  
? 
./Issue/issue.tex:45: Missing number, treated as zero.
<to be read again> 
                   =
l.45 \end{itemize}
                  
? 
./Issue/issue.tex:45: Undefined control sequence.
\enit@setresumekeys ...xpandafter {\enit@savekeys 
                                                  }\xdef \enit@afterlist {#2...
l.45 \end{itemize}
                  
? 
./Issue/issue.tex:45: Undefined control sequence.
\enit@setresumekeys ...it@toks }\ifnum \enit@type 
                                                  =\z@ #3\def \enit@noexcs {...
l.45 \end{itemize}
                  
? 
./Issue/issue.tex:45: Missing number, treated as zero.
<to be read again> 
                   =
l.45 \end{itemize}
                  
? 
./Issue/issue.tex:45: Undefined control sequence.
<argument> enit@resume@series@\enit@series 
                                           
l.45 \end{itemize}
                  
? 
./Issue/issue.tex:45: Undefined control sequence.
\enit@setresumekeys ...me@#1}{\csname c@\@listctr 
                                                  \endcsname \the \csname c@...
l.45 \end{itemize}
                  
? 
./Issue/issue.tex:45: Undefined control sequence.
\enit@setresumekeys ...e \the \csname c@\@listctr 
                                                  \endcsname }\fi }
l.45 \end{itemize}
                  
? 
./Issue/issue.tex:45: You can't use `\relax' after \the.
<recently read> \c@ 
                    
l.45 \end{itemize}
                  
? 
./Issue/issue.tex:45: Undefined control sequence.
\enit@enditemize ...ist \fi \ifnum \enit@resuming 
                                                  =\thr@@ \enit@setresumekey...
l.45 \end{itemize}
                  
? 
./Issue/issue.tex:45: Missing number, treated as zero.
<to be read again> 
                   =
l.45 \end{itemize}
                  
? 
./Issue/issue.tex:45: Undefined control sequence.
\enit@setresumekeys ...xpandafter {\enit@savekeys 
                                                  }\xdef \enit@afterlist {#2...
l.45 \end{itemize}
                  
? 
./Issue/issue.tex:45: Undefined control sequence.
\enit@setresumekeys ...it@toks }\ifnum \enit@type 
                                                  =\z@ #3\def \enit@noexcs {...
l.45 \end{itemize}
                  
? 
./Issue/issue.tex:45: Missing number, treated as zero.
<to be read again> 
                   =
l.45 \end{itemize}
                  
? 
./Issue/issue.tex:45: Undefined control sequence.
\enit@setresumekeys ...me@#1}{\csname c@\@listctr 
                                                  \endcsname \the \csname c@...
l.45 \end{itemize}
                  
? 
./Issue/issue.tex:45: Undefined control sequence.
\enit@setresumekeys ...e \the \csname c@\@listctr 
                                                  \endcsname }\fi }
l.45 \end{itemize}
                  
? 
./Issue/issue.tex:45: You can't use `\relax' after \the.
<recently read> \c@ 
                    
l.45 \end{itemize}
                  
? 

./Issue/issue.tex:45: LaTeX Error: \begin{document} ended by \end{itemize}.

See the LaTeX manual or LaTeX Companion for explanation.
Type  H <return>  for immediate help.
 ...                                              
                                                  
l.45 \end{itemize}
                  
? 
./Issue/issue.tex:45: Extra \endgroup.
<recently read> \endgroup 
                          
l.45 \end{itemize}
                  
? 
(./ProductDisplayWorkerNoIndent.java) (./ProductDisplayWorkerNoIndent.java)
(./ProductDisplayWorkerNoIndent.java) (./ProductDisplayWorkerNoIndent.java)
(./ProductDisplayWorkerNoIndent.java) (./ProductDisplayWorkerNoIndent.java)
(./ProductDisplayWorkerNoIndent.java) (./ProductDisplayWorkerNoIndent.java)
[15] (./ProductDisplayWorkerNoIndent.java) (./ProductDisplayWorkerNoIndent.java
) (./ProductDisplayWorkerNoIndent.java) (./ProductDisplayWorkerNoIndent.java)
(./ProductDisplayWorkerNoIndent.java) (./ProductDisplayWorkerNoIndent.java)
(./ProductDisplayWorkerNoIndent.java) (./ProductDisplayWorkerNoIndent.java)
(./ProductDisplayWorkerNoIndent.java [16]) (./ProductDisplayWorkerNoIndent.java
) [17] (./ProductDisplayWorkerNoIndent.java)
(./ProductDisplayWorkerNoIndent.java) (./ProductDisplayWorkerNoIndent.java)
[18] (./ProductDisplayWorkerNoIndent.java) (./ProductDisplayWorkerNoIndent.java
) [19] (./ProductDisplayWorkerNoIndent.java)
(./ProductDisplayWorkerNoIndent.java) (./ProductDisplayWorkerNoIndent.java)
(./ProductDisplayWorkerNoIndent.java) (./ProductDisplayWorkerNoIndent.java)
[20] (./ProductDisplayWorkerNoIndent.java) (./ProductDisplayWorkerNoIndent.java
) (./ProductDisplayWorkerNoIndent.java) (./ProductDisplayWorkerNoIndent.java)
(./ProductDisplayWorkerNoIndent.java)
Overfull \hbox (13.22171pt too wide) in paragraph at lines 268--198
[][][][][][][][][][][][][][][][][]  
 []

(./ProductDisplayWorkerNoIndent.java) (./ProductDisplayWorkerNoIndent.java)
(./ProductDisplayWorkerNoIndent.java) (./ProductDisplayWorkerNoIndent.java)
(./ProductDisplayWorkerNoIndent.java) [21] (./ProductDisplayWorkerNoIndent.java
) (./ProductDisplayWorkerNoIndent.java) (./ProductDisplayWorkerNoIndent.java)
(./ProductDisplayWorkerNoIndent.java) (./ProductDisplayWorkerNoIndent.java)
(./ProductDisplayWorkerNoIndent.java) (./ProductDisplayWorkerNoIndent.java)
(./ProductDisplayWorkerNoIndent.java)) [22]
Appendix A.
(./Appendix/checklist.tex [23

] [24]
Overfull \hbox (2.16724pt too wide) in paragraph at lines 64--65
[]\OT1/cmr/m/n/10 If any pack-age state-ments are needed, they should be the fi
rst non-comment
 []

[25]
LaTeX Font Info:    Try loading font information for OMS+cmtt on input line 100
.
LaTeX Font Info:    No file OMScmtt.fd. on input line 100.


LaTeX Font Warning: Font shape `OMS/cmtt/m/n' undefined
(Font)              using `OMS/cmsy/m/n' instead
(Font)              for symbol `textbraceleft' on input line 100.


Overfull \hbox (6.91393pt too wide) in paragraph at lines 126--127
\OT1/cmtt/m/n/10 / / users . csc . calpoly . edu / []jdalbey / SWE / CodeSmells
 / bonehead . html$[][]\OT1/cmr/m/n/10 ). 
 []

[26]) [27]

./Code Inspection.tex:46: LaTeX Error: \begin{itemize} on input line 32 ended b
y \end{document}.

See the LaTeX manual or LaTeX Companion for explanation.
Type  H <return>  for immediate help.
 ...                                              
                                                  
l.46 \end{document}
                   
? 
Package atveryend Info: Empty hook `BeforeClearDocument' on input line 46.
[28]
Package atveryend Info: Empty hook `AfterLastShipout' on input line 46.
 (./Code Inspection.aux)
Package atveryend Info: Executing hook `AtVeryEndDocument' on input line 46.
Package atveryend Info: Executing hook `AtEndAfterFileList' on input line 46.
Package rerunfilecheck Info: File `"Code Inspection".out' has not changed.
(rerunfilecheck)             Checksum: 24EA189189FD04DF2A9E6D407F6813DB;1123.


LaTeX Font Warning: Some font shapes were not available, defaults substituted.

Package atveryend Info: Empty hook `AtVeryVeryEnd' on input line 46.
 )
(\end occurred inside a group at level 1)

### semi simple group (level 1) entered at line 32 (\begingroup)
### bottom level 
Here is how much of TeX's memory you used:
 12234 strings out of 493014
 182219 string characters out of 6133350
 454661 words of memory out of 5000000
 14813 multiletter control sequences out of 15000+600000
 11568 words of font info for 42 fonts, out of 8000000 for 9000
 1141 hyphenation exceptions out of 8191
 43i,12n,72p,1019b,1903s stack positions out of 5000i,500n,10000p,200000b,80000s
</usr/local/texlive/2016/texmf-dist/fonts/type1/public/amsfonts
/cm/cmbx10.pfb></usr/local/texlive/2016/texmf-dist/fonts/type1/public/amsfonts/
cm/cmbx12.pfb></usr/local/texlive/2016/texmf-dist/fonts/type1/public/amsfonts/c
m/cmr10.pfb></usr/local/texlive/2016/texmf-dist/fonts/type1/public/amsfonts/cm/
cmr12.pfb></usr/local/texlive/2016/texmf-dist/fonts/type1/public/amsfonts/cm/cm
r17.pfb></usr/local/texlive/2016/texmf-dist/fonts/type1/public/amsfonts/cm/cmr5
.pfb></usr/local/texlive/2016/texmf-dist/fonts/type1/public/amsfonts/cm/cmr7.pf
b></usr/local/texlive/2016/texmf-dist/fonts/type1/public/amsfonts/cm/cmsy10.pfb
></usr/local/texlive/2016/texmf-dist/fonts/type1/public/amsfonts/cm/cmti10.pfb>
</usr/local/texlive/2016/texmf-dist/fonts/type1/public/amsfonts/cm/cmti12.pfb><
/usr/local/texlive/2016/texmf-dist/fonts/type1/public/amsfonts/cm/cmtt10.pfb></
usr/local/texlive/2016/texmf-dist/fonts/type1/public/amsfonts/cm/cmtt9.pfb>
Output written on "Code Inspection.pdf" (29 pages, 344764 bytes).
PDF statistics:
 1046 PDF objects out of 1200 (max. 8388607)
 991 compressed objects within 10 object streams
 655 named destinations out of 1000 (max. 500000)
 158 words of extra memory for PDF output out of 10000 (max. 10000000)

