\BOOKMARK [0][-]{chapter.1}{Introduction}{}% 1
\BOOKMARK [1][-]{section.1.1}{Purpose and Scope}{chapter.1}% 2
\BOOKMARK [1][-]{section.1.2}{List of Definitions and Abbreviations}{chapter.1}% 3
\BOOKMARK [1][-]{section.1.3}{List of Reference Documents}{chapter.1}% 4
\BOOKMARK [0][-]{chapter.2}{Function Points}{}% 5
\BOOKMARK [1][-]{section.2.1}{Internal Logic File}{chapter.2}% 6
\BOOKMARK [1][-]{section.2.2}{External Interface File}{chapter.2}% 7
\BOOKMARK [1][-]{section.2.3}{External Input}{chapter.2}% 8
\BOOKMARK [1][-]{section.2.4}{External Output}{chapter.2}% 9
\BOOKMARK [1][-]{section.2.5}{External Inquiry}{chapter.2}% 10
\BOOKMARK [1][-]{section.2.6}{Summary}{chapter.2}% 11
\BOOKMARK [0][-]{chapter.3}{COCOMO}{}% 12
\BOOKMARK [0][-]{chapter.4}{Task and Schedule}{}% 13
\BOOKMARK [1][-]{section.4.1}{Task}{chapter.4}% 14
\BOOKMARK [1][-]{section.4.2}{Schedule}{chapter.4}% 15
\BOOKMARK [1][-]{section.4.3}{Gant Diagram}{chapter.4}% 16
\BOOKMARK [0][-]{chapter.5}{Resources Allocation}{}% 17
\BOOKMARK [1][-]{section.5.1}{Staff Allocation Charts}{chapter.5}% 18
\BOOKMARK [0][-]{chapter.6}{Risk}{}% 19
\BOOKMARK [0][-]{appendix.A}{Appendix}{}% 20
\BOOKMARK [1][-]{section.A.1}{Tools}{appendix.A}% 21
\BOOKMARK [1][-]{section.A.2}{Hours of work}{appendix.A}% 22
\BOOKMARK [1][-]{section.A.3}{Version History}{appendix.A}% 23
