This is pdfTeX, Version 3.14159265-2.6-1.40.17 (TeX Live 2016) (preloaded format=pdflatex 2016.10.22)  11 DEC 2016 14:04
entering extended mode
 restricted \write18 enabled.
 file:line:error style messages enabled.
 %&-line parsing enabled.
**DD.tex
(./DD.tex
LaTeX2e <2016/03/31>
Babel <3.9r> and hyphenation patterns for 83 language(s) loaded.
(../Common/Structure/doc_pdf.cls

LaTeX Warning: You have requested document class `../Common/Structure/doc_pdf',

               but the document class provides `doc_pdf'.

Document Class: doc_pdf 
(/usr/local/texlive/2016/texmf-dist/tex/latex/base/report.cls
Document Class: report 2014/09/29 v1.4h Standard LaTeX document class
(/usr/local/texlive/2016/texmf-dist/tex/latex/base/size10.clo
File: size10.clo 2014/09/29 v1.4h Standard LaTeX file (size option)
)
\c@part=\count79
\c@chapter=\count80
\c@section=\count81
\c@subsection=\count82
\c@subsubsection=\count83
\c@paragraph=\count84
\c@subparagraph=\count85
\c@figure=\count86
\c@table=\count87
\abovecaptionskip=\skip41
\belowcaptionskip=\skip42
\bibindent=\dimen102
)
(/usr/local/texlive/2016/texmf-dist/tex/latex/graphics/graphicx.sty
Package: graphicx 2014/10/28 v1.0g Enhanced LaTeX Graphics (DPC,SPQR)

(/usr/local/texlive/2016/texmf-dist/tex/latex/graphics/keyval.sty
Package: keyval 2014/10/28 v1.15 key=value parser (DPC)
\KV@toks@=\toks14
)
(/usr/local/texlive/2016/texmf-dist/tex/latex/graphics/graphics.sty
Package: graphics 2016/05/09 v1.0r Standard LaTeX Graphics (DPC,SPQR)

(/usr/local/texlive/2016/texmf-dist/tex/latex/graphics/trig.sty
Package: trig 2016/01/03 v1.10 sin cos tan (DPC)
)
(/usr/local/texlive/2016/texmf-dist/tex/latex/graphics-cfg/graphics.cfg
File: graphics.cfg 2016/01/02 v1.10 sample graphics configuration
)
Package graphics Info: Driver file: pdftex.def on input line 96.

(/usr/local/texlive/2016/texmf-dist/tex/latex/pdftex-def/pdftex.def
File: pdftex.def 2011/05/27 v0.06d Graphics/color for pdfTeX

(/usr/local/texlive/2016/texmf-dist/tex/generic/oberdiek/infwarerr.sty
Package: infwarerr 2016/05/16 v1.4 Providing info/warning/error messages (HO)
)
(/usr/local/texlive/2016/texmf-dist/tex/generic/oberdiek/ltxcmds.sty
Package: ltxcmds 2016/05/16 v1.23 LaTeX kernel commands for general use (HO)
)
\Gread@gobject=\count88
))
\Gin@req@height=\dimen103
\Gin@req@width=\dimen104
)
(/usr/local/texlive/2016/texmf-dist/tex/latex/caption/caption.sty
Package: caption 2016/02/21 v3.3-144 Customizing captions (AR)

(/usr/local/texlive/2016/texmf-dist/tex/latex/caption/caption3.sty
Package: caption3 2016/02/04 v1.7-139 caption3 kernel (AR)
Package caption3 Info: TeX engine: e-TeX on input line 67.
\captionmargin=\dimen105
\captionmargin@=\dimen106
\captionwidth=\dimen107
\caption@tempdima=\dimen108
\caption@indent=\dimen109
\caption@parindent=\dimen110
\caption@hangindent=\dimen111
)
\c@ContinuedFloat=\count89
)
(/usr/local/texlive/2016/texmf-dist/tex/latex/hyperref/hyperref.sty
Package: hyperref 2016/05/05 v6.83n Hypertext links for LaTeX

(/usr/local/texlive/2016/texmf-dist/tex/generic/oberdiek/hobsub-hyperref.sty
Package: hobsub-hyperref 2016/05/16 v1.14 Bundle oberdiek, subset hyperref (HO)


(/usr/local/texlive/2016/texmf-dist/tex/generic/oberdiek/hobsub-generic.sty
Package: hobsub-generic 2016/05/16 v1.14 Bundle oberdiek, subset generic (HO)
Package: hobsub 2016/05/16 v1.14 Construct package bundles (HO)
Package hobsub Info: Skipping package `infwarerr' (already loaded).
Package hobsub Info: Skipping package `ltxcmds' (already loaded).
Package: ifluatex 2016/05/16 v1.4 Provides the ifluatex switch (HO)
Package ifluatex Info: LuaTeX not detected.
Package: ifvtex 2016/05/16 v1.6 Detect VTeX and its facilities (HO)
Package ifvtex Info: VTeX not detected.
Package: intcalc 2016/05/16 v1.2 Expandable calculations with integers (HO)
Package: ifpdf 2016/05/14 v3.1 Provides the ifpdf switch
Package: etexcmds 2016/05/16 v1.6 Avoid name clashes with e-TeX commands (HO)
Package etexcmds Info: Could not find \expanded.
(etexcmds)             That can mean that you are not using pdfTeX 1.50 or
(etexcmds)             that some package has redefined \expanded.
(etexcmds)             In the latter case, load this package earlier.
Package: kvsetkeys 2016/05/16 v1.17 Key value parser (HO)
Package: kvdefinekeys 2016/05/16 v1.4 Define keys (HO)
Package: pdftexcmds 2016/05/10 v0.21 Utility functions of pdfTeX for LuaTeX (HO
)
Package pdftexcmds Info: LuaTeX not detected.
Package pdftexcmds Info: \pdf@primitive is available.
Package pdftexcmds Info: \pdf@ifprimitive is available.
Package pdftexcmds Info: \pdfdraftmode found.
Package: pdfescape 2016/05/16 v1.14 Implements pdfTeX's escape features (HO)
Package: bigintcalc 2016/05/16 v1.4 Expandable calculations on big integers (HO
)
Package: bitset 2016/05/16 v1.2 Handle bit-vector datatype (HO)
Package: uniquecounter 2016/05/16 v1.3 Provide unlimited unique counter (HO)
)
Package hobsub Info: Skipping package `hobsub' (already loaded).
Package: letltxmacro 2016/05/16 v1.5 Let assignment for LaTeX macros (HO)
Package: hopatch 2016/05/16 v1.3 Wrapper for package hooks (HO)
Package: xcolor-patch 2016/05/16 xcolor patch
Package: atveryend 2016/05/16 v1.9 Hooks at the very end of document (HO)
Package atveryend Info: \enddocument detected (standard20110627).
Package: atbegshi 2016/05/16 v1.17 At begin shipout hook (HO)
Package: refcount 2016/05/16 v3.5 Data extraction from label references (HO)
Package: hycolor 2016/05/16 v1.8 Color options for hyperref/bookmark (HO)
)
(/usr/local/texlive/2016/texmf-dist/tex/generic/ifxetex/ifxetex.sty
Package: ifxetex 2010/09/12 v0.6 Provides ifxetex conditional
)
(/usr/local/texlive/2016/texmf-dist/tex/latex/oberdiek/auxhook.sty
Package: auxhook 2016/05/16 v1.4 Hooks for auxiliary files (HO)
)
(/usr/local/texlive/2016/texmf-dist/tex/latex/oberdiek/kvoptions.sty
Package: kvoptions 2016/05/16 v3.12 Key value format for package options (HO)
)
\@linkdim=\dimen112
\Hy@linkcounter=\count90
\Hy@pagecounter=\count91

(/usr/local/texlive/2016/texmf-dist/tex/latex/hyperref/pd1enc.def
File: pd1enc.def 2016/05/05 v6.83n Hyperref: PDFDocEncoding definition (HO)
)
\Hy@SavedSpaceFactor=\count92

(/usr/local/texlive/2016/texmf-dist/tex/latex/latexconfig/hyperref.cfg
File: hyperref.cfg 2002/06/06 v1.2 hyperref configuration of TeXLive
)
Package hyperref Info: Hyper figures OFF on input line 4446.
Package hyperref Info: Link nesting OFF on input line 4451.
Package hyperref Info: Hyper index ON on input line 4454.
Package hyperref Info: Plain pages OFF on input line 4461.
Package hyperref Info: Backreferencing OFF on input line 4466.
Package hyperref Info: Implicit mode ON; LaTeX internals redefined.
Package hyperref Info: Bookmarks ON on input line 4691.
\c@Hy@tempcnt=\count93

(/usr/local/texlive/2016/texmf-dist/tex/latex/url/url.sty
\Urlmuskip=\muskip10
Package: url 2013/09/16  ver 3.4  Verb mode for urls, etc.
)
LaTeX Info: Redefining \url on input line 5044.
\XeTeXLinkMargin=\dimen113
\Fld@menulength=\count94
\Field@Width=\dimen114
\Fld@charsize=\dimen115
Package hyperref Info: Hyper figures OFF on input line 6298.
Package hyperref Info: Link nesting OFF on input line 6303.
Package hyperref Info: Hyper index ON on input line 6306.
Package hyperref Info: backreferencing OFF on input line 6313.
Package hyperref Info: Link coloring OFF on input line 6318.
Package hyperref Info: Link coloring with OCG OFF on input line 6323.
Package hyperref Info: PDF/A mode OFF on input line 6328.
LaTeX Info: Redefining \ref on input line 6368.
LaTeX Info: Redefining \pageref on input line 6372.
\Hy@abspage=\count95
\c@Item=\count96
\c@Hfootnote=\count97
)

Package hyperref Message: Driver (autodetected): hpdftex.

(/usr/local/texlive/2016/texmf-dist/tex/latex/hyperref/hpdftex.def
File: hpdftex.def 2016/05/05 v6.83n Hyperref driver for pdfTeX
\Fld@listcount=\count98
\c@bookmark@seq@number=\count99

(/usr/local/texlive/2016/texmf-dist/tex/latex/oberdiek/rerunfilecheck.sty
Package: rerunfilecheck 2016/05/16 v1.8 Rerun checks for auxiliary files (HO)
Package uniquecounter Info: New unique counter `rerunfilecheck' on input line 2
82.
)
\Hy@SectionHShift=\skip43
)
(/usr/local/texlive/2016/texmf-dist/tex/latex/titlepic/titlepic.sty
Package: titlepic 2009/08/03 1.1 Package to display a picture on the title page

)
(/usr/local/texlive/2016/texmf-dist/tex/latex/listings/listings.sty
\lst@mode=\count100
\lst@gtempboxa=\box26
\lst@token=\toks15
\lst@length=\count101
\lst@currlwidth=\dimen116
\lst@column=\count102
\lst@pos=\count103
\lst@lostspace=\dimen117
\lst@width=\dimen118
\lst@newlines=\count104
\lst@lineno=\count105
\lst@maxwidth=\dimen119

(/usr/local/texlive/2016/texmf-dist/tex/latex/listings/lstmisc.sty
File: lstmisc.sty 2015/06/04 1.6 (Carsten Heinz)
\c@lstnumber=\count106
\lst@skipnumbers=\count107
\lst@framebox=\box27
)
(/usr/local/texlive/2016/texmf-dist/tex/latex/listings/listings.cfg
File: listings.cfg 2015/06/04 1.6 listings configuration
))
Package: listings 2015/06/04 1.6 (Carsten Heinz)

(/usr/local/texlive/2016/texmf-dist/tex/latex/graphics/color.sty
Package: color 2016/05/09 v1.1c Standard LaTeX Color (DPC)

(/usr/local/texlive/2016/texmf-dist/tex/latex/graphics-cfg/color.cfg
File: color.cfg 2016/01/02 v1.6 sample color configuration
)
Package color Info: Driver file: pdftex.def on input line 144.
)
(/usr/local/texlive/2016/texmf-dist/tex/latex/tabulary/tabulary.sty
Package: tabulary 2014/06/11 v0.10 tabulary package (DPC)

(/usr/local/texlive/2016/texmf-dist/tex/latex/tools/array.sty
Package: array 2014/10/28 v2.4c Tabular extension package (FMi)
\col@sep=\dimen120
\extrarowheight=\dimen121
\NC@list=\toks16
\extratabsurround=\skip44
\backup@length=\skip45
)
\TY@count=\count108
\TY@linewidth=\dimen122
\tymin=\dimen123
\tymax=\dimen124
\TY@tablewidth=\dimen125
)
(/usr/local/texlive/2016/texmf-dist/tex/latex/datetime/datetime.sty
Package: datetime 2015/03/20 v2.60 Date Time Package

(/usr/local/texlive/2016/texmf-dist/tex/latex/etoolbox/etoolbox.sty
Package: etoolbox 2015/08/02 v2.2a e-TeX tools for LaTeX (JAW)
\etb@tempcnta=\count109
)
(/usr/local/texlive/2016/texmf-dist/tex/latex/fmtcount/fmtcount.sty
Package: fmtcount 2015/05/05 v3.01

(/usr/local/texlive/2016/texmf-dist/tex/latex/base/ifthen.sty
Package: ifthen 2014/09/29 v1.1c Standard LaTeX ifthen package (DPC)
)
(/usr/local/texlive/2016/texmf-dist/tex/latex/xkeyval/xkeyval.sty
Package: xkeyval 2014/12/03 v2.7a package option processing (HA)

(/usr/local/texlive/2016/texmf-dist/tex/generic/xkeyval/xkeyval.tex
(/usr/local/texlive/2016/texmf-dist/tex/generic/xkeyval/xkvutils.tex
\XKV@toks=\toks17
\XKV@tempa@toks=\toks18
)
\XKV@depth=\count110
File: xkeyval.tex 2014/12/03 v2.7a key=value parser (HA)
))
(/usr/local/texlive/2016/texmf-dist/tex/latex/fmtcount/fcprefix.sty
Package: fcprefix 2012/09/28

(/usr/local/texlive/2016/texmf-dist/tex/latex/fmtcount/fcnumparser.sty
Package: fcnumparser 2012/09/28
\fc@digit@counter=\count111
))
(/usr/local/texlive/2016/texmf-dist/tex/latex/amsmath/amsgen.sty
File: amsgen.sty 1999/11/30 v2.0 generic functions
\@emptytoks=\toks19
\ex@=\dimen126
)
\c@padzeroesN=\count112
\fc@tmpcatcode=\count113
\@DT@modctr=\count114
\@ordinalctr=\count115
\@orgargctr=\count116
\@strctr=\count117
\@tmpstrctr=\count118
\@DT@loopN=\count119
\@DT@X=\count120

(/usr/local/texlive/2016/texmf-dist/tex/latex/fmtcount/fc-english.def
File: fc-english.def 2013/08/17
))
(/usr/local/texlive/2016/texmf-dist/tex/latex/datetime/datetime-defaults.sty
Package: datetime-defaults 2013/09/10
)
\@day=\count121
\@month=\count122
\@year=\count123
\c@HOUR=\count124
\c@HOURXII=\count125
\c@MINUTE=\count126
\c@TOHOUR=\count127
\c@TOMINUTE=\count128
\c@SECOND=\count129
\currenthour=\count130
\currentminute=\count131
\currentsecond=\count132
Package datetime Info: No datetime.cfg file found, using default settings on in
put line 308.
\@dtctr=\count133
\dayofyear=\count134
\dayofweek=\count135
LaTeX Info: Redefining \today on input line 736.
\dt@a=\toks20
\dt@b=\toks21
)
(/usr/local/texlive/2016/texmf-dist/tex/latex/lipsum/lipsum.sty
Package: lipsum 2014/07/27 v1.3 150 paragraphs of Lorem Ipsum dummy text
\c@lips@count=\count136
)
(/usr/local/texlive/2016/texmf-dist/tex/latex/xcolor/xcolor.sty
Package: xcolor 2016/05/11 v2.12 LaTeX color extensions (UK)

(/usr/local/texlive/2016/texmf-dist/tex/latex/graphics-cfg/color.cfg
File: color.cfg 2016/01/02 v1.6 sample color configuration
)
Package xcolor Info: Driver file: pdftex.def on input line 225.
LaTeX Info: Redefining \color on input line 709.
Package xcolor Info: Model `cmy' substituted by `cmy0' on input line 1348.
Package xcolor Info: Model `hsb' substituted by `rgb' on input line 1352.
Package xcolor Info: Model `RGB' extended on input line 1364.
Package xcolor Info: Model `HTML' substituted by `rgb' on input line 1366.
Package xcolor Info: Model `Hsb' substituted by `hsb' on input line 1367.
Package xcolor Info: Model `tHsb' substituted by `hsb' on input line 1368.
Package xcolor Info: Model `HSB' substituted by `hsb' on input line 1369.
Package xcolor Info: Model `Gray' substituted by `gray' on input line 1370.
Package xcolor Info: Model `wave' substituted by `hsb' on input line 1371.

(/usr/local/texlive/2016/texmf-dist/tex/latex/graphics/dvipsnam.def
File: dvipsnam.def 2015/12/30 v3.0k Driver-dependent file (DPC,SPQR)
))
(/usr/local/texlive/2016/texmf-dist/tex/latex/soul/soul.sty
Package: soul 2003/11/17 v2.4 letterspacing/underlining (mf)
\SOUL@word=\toks22
\SOUL@lasttoken=\toks23
\SOUL@cmds=\toks24
\SOUL@buffer=\toks25
\SOUL@token=\toks26
\SOUL@spaceskip=\skip46
\SOUL@ttwidth=\dimen127
\SOUL@uldp=\dimen128
\SOUL@ulht=\dimen129
)
(/usr/local/texlive/2016/texmf-dist/tex/latex/titling/titling.sty
Package: titling 2009/09/04 v2.1d maketitle typesetting
\thanksmarkwidth=\skip47
\thanksmargin=\skip48
\droptitle=\skip49
)
(/usr/local/texlive/2016/texmf-dist/tex/latex/float/float.sty
Package: float 2001/11/08 v1.3d Float enhancements (AL)
\c@float@type=\count137
\float@exts=\toks27
\float@box=\box28
\@float@everytoks=\toks28
\@floatcapt=\box29
)
(/usr/local/texlive/2016/texmf-dist/tex/latex/enumitem/enumitem.sty
Package: enumitem 2011/09/28 v3.5.2 Customized lists
\labelindent=\skip50
\enit@outerparindent=\dimen130
\enit@toks=\toks29
\enit@inbox=\box30
\enitdp@description=\count138
)
(/usr/local/texlive/2016/texmf-dist/tex/latex/fancyhdr/fancyhdr.sty
\fancy@headwidth=\skip51
\f@ncyO@elh=\skip52
\f@ncyO@erh=\skip53
\f@ncyO@olh=\skip54
\f@ncyO@orh=\skip55
\f@ncyO@elf=\skip56
\f@ncyO@erf=\skip57
\f@ncyO@olf=\skip58
\f@ncyO@orf=\skip59
)
(/usr/local/texlive/2016/texmf-dist/tex/latex/multirow/multirow.sty
\bigstrutjot=\dimen131
)
(/usr/local/texlive/2016/texmf-dist/tex/latex/amsmath/amsmath.sty
Package: amsmath 2016/03/10 v2.15b AMS math features
\@mathmargin=\skip60

For additional information on amsmath, use the `?' option.
(/usr/local/texlive/2016/texmf-dist/tex/latex/amsmath/amstext.sty
Package: amstext 2000/06/29 v2.01 AMS text
)
(/usr/local/texlive/2016/texmf-dist/tex/latex/amsmath/amsbsy.sty
Package: amsbsy 1999/11/29 v1.2d Bold Symbols
\pmbraise@=\dimen132
)
(/usr/local/texlive/2016/texmf-dist/tex/latex/amsmath/amsopn.sty
Package: amsopn 2016/03/08 v2.02 operator names
)
\inf@bad=\count139
LaTeX Info: Redefining \frac on input line 199.
\uproot@=\count140
\leftroot@=\count141
LaTeX Info: Redefining \overline on input line 297.
\classnum@=\count142
\DOTSCASE@=\count143
LaTeX Info: Redefining \ldots on input line 394.
LaTeX Info: Redefining \dots on input line 397.
LaTeX Info: Redefining \cdots on input line 518.
\Mathstrutbox@=\box31
\strutbox@=\box32
\big@size=\dimen133
LaTeX Font Info:    Redeclaring font encoding OML on input line 634.
LaTeX Font Info:    Redeclaring font encoding OMS on input line 635.
\macc@depth=\count144
\c@MaxMatrixCols=\count145
\dotsspace@=\muskip11
\c@parentequation=\count146
\dspbrk@lvl=\count147
\tag@help=\toks30
\row@=\count148
\column@=\count149
\maxfields@=\count150
\andhelp@=\toks31
\eqnshift@=\dimen134
\alignsep@=\dimen135
\tagshift@=\dimen136
\tagwidth@=\dimen137
\totwidth@=\dimen138
\lineht@=\dimen139
\@envbody=\toks32
\multlinegap=\skip61
\multlinetaggap=\skip62
\mathdisplay@stack=\toks33
LaTeX Info: Redefining \[ on input line 2739.
LaTeX Info: Redefining \] on input line 2740.
)
(/usr/local/texlive/2016/texmf-dist/tex/latex/algorithms/algorithm.sty
Package: algorithm 2009/08/24 v0.1 Document Style `algorithm' - floating enviro
nment
\@float@every@algorithm=\toks34
\c@algorithm=\count151
)
(/usr/local/texlive/2016/texmf-dist/tex/latex/algorithmicx/algpseudocode.sty
Package: algpseudocode 

(/usr/local/texlive/2016/texmf-dist/tex/latex/algorithmicx/algorithmicx.sty
Package: algorithmicx 2005/04/27 v1.2 Algorithmicx

Document Style algorithmicx 1.2 - a greatly improved `algorithmic' style
\c@ALG@line=\count152
\c@ALG@rem=\count153
\c@ALG@nested=\count154
\ALG@tlm=\skip63
\ALG@thistlm=\skip64
\c@ALG@Lnr=\count155
\c@ALG@blocknr=\count156
\c@ALG@storecount=\count157
\c@ALG@tmpcounter=\count158
\ALG@tmplength=\skip65
)
Document Style - pseudocode environments for use with the `algorithmicx' style
)
Package hyperref Info: Option `colorlinks' set `true' on input line 113.
)

Package Fancyhdr Warning: \fancyfoot's `E' option without twoside option is use
less on input line 22.

(./DD.aux)
\openout1 = `DD.aux'.

LaTeX Font Info:    Checking defaults for OML/cmm/m/it on input line 24.
LaTeX Font Info:    ... okay on input line 24.
LaTeX Font Info:    Checking defaults for T1/cmr/m/n on input line 24.
LaTeX Font Info:    ... okay on input line 24.
LaTeX Font Info:    Checking defaults for OT1/cmr/m/n on input line 24.
LaTeX Font Info:    ... okay on input line 24.
LaTeX Font Info:    Checking defaults for OMS/cmsy/m/n on input line 24.
LaTeX Font Info:    ... okay on input line 24.
LaTeX Font Info:    Checking defaults for OMX/cmex/m/n on input line 24.
LaTeX Font Info:    ... okay on input line 24.
LaTeX Font Info:    Checking defaults for U/cmr/m/n on input line 24.
LaTeX Font Info:    ... okay on input line 24.
LaTeX Font Info:    Checking defaults for PD1/pdf/m/n on input line 24.
LaTeX Font Info:    ... okay on input line 24.

(/usr/local/texlive/2016/texmf-dist/tex/context/base/mkii/supp-pdf.mkii
[Loading MPS to PDF converter (version 2006.09.02).]
\scratchcounter=\count159
\scratchdimen=\dimen140
\scratchbox=\box33
\nofMPsegments=\count160
\nofMParguments=\count161
\everyMPshowfont=\toks35
\MPscratchCnt=\count162
\MPscratchDim=\dimen141
\MPnumerator=\count163
\makeMPintoPDFobject=\count164
\everyMPtoPDFconversion=\toks36
) (/usr/local/texlive/2016/texmf-dist/tex/latex/oberdiek/epstopdf-base.sty
Package: epstopdf-base 2016/05/15 v2.6 Base part for package epstopdf

(/usr/local/texlive/2016/texmf-dist/tex/latex/oberdiek/grfext.sty
Package: grfext 2016/05/16 v1.2 Manage graphics extensions (HO)
)
Package grfext Info: Graphics extension search list:
(grfext)             [.png,.pdf,.jpg,.mps,.jpeg,.jbig2,.jb2,.PNG,.PDF,.JPG,.JPE
G,.JBIG2,.JB2,.eps]
(grfext)             \AppendGraphicsExtensions on input line 456.

(/usr/local/texlive/2016/texmf-dist/tex/latex/latexconfig/epstopdf-sys.cfg
File: epstopdf-sys.cfg 2010/07/13 v1.3 Configuration of (r)epstopdf for TeX Liv
e
))
Package caption Info: Begin \AtBeginDocument code.
Package caption Info: float package is loaded.
Package caption Info: hyperref package is loaded.
Package caption Info: listings package is loaded.
Package caption Info: End \AtBeginDocument code.
\AtBeginShipoutBox=\box34
Package hyperref Info: Link coloring ON on input line 24.

(/usr/local/texlive/2016/texmf-dist/tex/latex/hyperref/nameref.sty
Package: nameref 2012/10/27 v2.43 Cross-referencing by name of section

(/usr/local/texlive/2016/texmf-dist/tex/generic/oberdiek/gettitlestring.sty
Package: gettitlestring 2016/05/16 v1.5 Cleanup title references (HO)
)
\c@section@level=\count165
)
LaTeX Info: Redefining \ref on input line 24.
LaTeX Info: Redefining \pageref on input line 24.
LaTeX Info: Redefining \nameref on input line 24.

(./DD.out) (./DD.out)
\@outlinefile=\write3
\openout3 = `DD.out'.

\c@lstlisting=\count166

<../Common/Resources/PoliLogo.png, id=221, 228.35312pt x 229.35687pt>
File: ../Common/Resources/PoliLogo.png Graphic file (type png)

<use ../Common/Resources/PoliLogo.png>
Package pdftex.def Info: ../Common/Resources/PoliLogo.png used on input line 25
.
(pdftex.def)             Requested size: 170.71652pt x 171.47127pt.
 [1

{/usr/local/texlive/2016/texmf-var/fonts/map/pdftex/updmap/pdftex.map} <../Comm
on/Resources/PoliLogo.png>] (./DD.tocpdfTeX warning (ext4): destination with th
e same identifier (name{page.1}) has been already used, duplicate ignored
<to be read again> 
                   \relax 
l.35 ... Manager Interface}{25}{subsection.2.8.10}
                                                   [1

])
\tf@toc=\write4
\openout4 = `DD.toc'.

 [2] (./DD.lof)
\tf@lof=\write5
\openout5 = `DD.lof'.

 [3

]
Chapter 1.
(./Introduction/purpose.tex) (./Introduction/scope.tex
LaTeX Font Info:    Try loading font information for OMS+cmr on input line 4.

(/usr/local/texlive/2016/texmf-dist/tex/latex/base/omscmr.fd
File: omscmr.fd 2014/09/29 v2.5h Standard LaTeX font definitions
)
LaTeX Font Info:    Font shape `OMS/cmr/m/n' in size <10> not available
(Font)              Font shape `OMS/cmsy/m/n' tried instead on input line 4.
)
(./Introduction/definitions_acronyms_abbreviations.tex [4

])
(./introduction/references.tex) (./introduction/overview.tex [5]) [6]
Chapter 2.
(./architecturalDesign/Overview.tex) (./architecturalDesign/highlevel.tex
[7

]
Overfull \hbox (21.68904pt too wide) in paragraph at lines 16--17
[]\OT1/cmr/m/n/10 Google APIs, Pay-Pal API, Main-te-nance API, Pow-erEn-Joy Dat
abase 
 []


Underfull \hbox (badness 10000) in paragraph at lines 17--19

 []


Underfull \hbox (badness 10000) in paragraph at lines 32--34

 []

[8]
Underfull \hbox (badness 10000) in paragraph at lines 51--53

 []


Underfull \hbox (badness 10000) in paragraph at lines 65--67

 []

[9]
Underfull \hbox (badness 10000) in paragraph at lines 83--85

 []


Underfull \hbox (badness 10000) in paragraph at lines 98--100

 []

[10]
Underfull \hbox (badness 10000) in paragraph at lines 113--115

 []


Underfull \hbox (badness 10000) in paragraph at lines 127--129

 []


Underfull \hbox (badness 10000) in paragraph at lines 140--142

 []

[11]
Underfull \hbox (badness 10000) in paragraph at lines 154--156

 []


Underfull \hbox (badness 10000) in paragraph at lines 168--170

 []

[12]) <Resources/ComponentDiagram.png, id=448, 981.6675pt x 359.84438pt>
File: Resources/ComponentDiagram.png Graphic file (type png)

<use Resources/ComponentDiagram.png>
Package pdftex.def Info: Resources/ComponentDiagram.png used on input line 45.
(pdftex.def)             Requested size: 482.9979pt x 177.05006pt.


Package caption Warning: The option `hypcap=true' will be ignored for this
(caption)                particular \caption on input line 45.
See the caption package documentation for explanation.


Underfull \hbox (badness 10000) in paragraph at lines 45--46

 []

<Resources/DeploymentDiagram.png, id=449, 765.86125pt x 750.805pt>
File: Resources/DeploymentDiagram.png Graphic file (type png)

<use Resources/DeploymentDiagram.png>
Package pdftex.def Info: Resources/DeploymentDiagram.png used on input line 47.

(pdftex.def)             Requested size: 345.0pt x 338.21426pt.


Package caption Warning: The option `hypcap=true' will be ignored for this
(caption)                particular \caption on input line 47.
See the caption package documentation for explanation.


Underfull \hbox (badness 10000) in paragraph at lines 47--48

 []

[13 <./Resources/ComponentDiagram.png>] (./architecturalDesign/runtimeview.tex
<Resources/LoginSequence.png, id=455, 1728.4575pt x 1616.0375pt>
File: Resources/LoginSequence.png Graphic file (type png)

<use Resources/LoginSequence.png>
Package pdftex.def Info: Resources/LoginSequence.png used on input line 2.
(pdftex.def)             Requested size: 345.0pt x 322.56065pt.


Package caption Warning: The option `hypcap=true' will be ignored for this
(caption)                particular \caption on input line 2.
See the caption package documentation for explanation.


Underfull \hbox (badness 10000) in paragraph at lines 2--3

 []

[14 <./Resources/DeploymentDiagram.png>] [15 <./Resources/LoginSequence.png>]
<Resources/RegistrationSequence.png, id=466, 1830.84pt x 2236.355pt>
File: Resources/RegistrationSequence.png Graphic file (type png)

<use Resources/RegistrationSequence.png>
Package pdftex.def Info: Resources/RegistrationSequence.png used on input line 
4.
(pdftex.def)             Requested size: 345.0pt x 421.3971pt.


Package caption Warning: The option `hypcap=true' will be ignored for this
(caption)                particular \caption on input line 4.
See the caption package documentation for explanation.


Overfull \hbox (15.0pt too wide) in paragraph at lines 4--5
[]$[]$
 []


Underfull \hbox (badness 10000) in paragraph at lines 4--5

 []

<Resources/FindFreeCarSequence.png, id=467, 1726.45pt x 1256.695pt>
File: Resources/FindFreeCarSequence.png Graphic file (type png)

<use Resources/FindFreeCarSequence.png>
Package pdftex.def Info: Resources/FindFreeCarSequence.png used on input line 6
.
(pdftex.def)             Requested size: 345.0pt x 251.12361pt.


Package caption Warning: The option `hypcap=true' will be ignored for this
(caption)                particular \caption on input line 6.
See the caption package documentation for explanation.


Overfull \hbox (15.0pt too wide) in paragraph at lines 6--7
[]$[]$
 []


Underfull \hbox (badness 10000) in paragraph at lines 6--7

 []

[16 <./Resources/RegistrationSequence.png>]
<Resources/ReserveSequence.png, id=473, 2172.115pt x 1850.915pt>
File: Resources/ReserveSequence.png Graphic file (type png)

<use Resources/ReserveSequence.png>
Package pdftex.def Info: Resources/ReserveSequence.png used on input line 8.
(pdftex.def)             Requested size: 345.0pt x 293.97777pt.


Package caption Warning: The option `hypcap=true' will be ignored for this
(caption)                particular \caption on input line 8.
See the caption package documentation for explanation.


Overfull \hbox (15.0pt too wide) in paragraph at lines 8--9
[]$[]$
 []


Underfull \hbox (badness 10000) in paragraph at lines 8--9

 []

[17 <./Resources/FindFreeCarSequence.png>]
<Resources/RentSequence.png, id=479, 1086.0575pt x 614.295pt>
File: Resources/RentSequence.png Graphic file (type png)

<use Resources/RentSequence.png>
Package pdftex.def Info: Resources/RentSequence.png used on input line 10.
(pdftex.def)             Requested size: 345.0pt x 195.1349pt.


Package caption Warning: The option `hypcap=true' will be ignored for this
(caption)                particular \caption on input line 10.
See the caption package documentation for explanation.


Overfull \hbox (15.0pt too wide) in paragraph at lines 10--11
[]$[]$
 []


Underfull \hbox (badness 10000) in paragraph at lines 10--11

 []

[18 <./Resources/ReserveSequence.png>]
<Resources/EndRentSequence.png, id=486, 1995.455pt x 1862.96pt>
File: Resources/EndRentSequence.png Graphic file (type png)

<use Resources/EndRentSequence.png>
Package pdftex.def Info: Resources/EndRentSequence.png used on input line 12.
(pdftex.def)             Requested size: 345.0pt x 322.07161pt.


Package caption Warning: The option `hypcap=true' will be ignored for this
(caption)                particular \caption on input line 12.
See the caption package documentation for explanation.


Overfull \hbox (15.0pt too wide) in paragraph at lines 12--13
[]$[]$
 []


Underfull \hbox (badness 10000) in paragraph at lines 12--13

 []

[19 <./Resources/RentSequence.png>] [20 <./Resources/EndRentSequence.png>])
(./architecturalDesign/component.tex

Package hyperref Warning: Token not allowed in a PDF string (PDFDocEncoding):
(hyperref)                removing `math shift' on input line 3.


Package hyperref Warning: Token not allowed in a PDF string (PDFDocEncoding):
(hyperref)                removing `\leftrightarrow' on input line 3.


Package hyperref Warning: Token not allowed in a PDF string (PDFDocEncoding):
(hyperref)                removing `math shift' on input line 3.


Package hyperref Warning: Token not allowed in a PDF string (PDFDocEncoding):
(hyperref)                removing `math shift' on input line 14.


Package hyperref Warning: Token not allowed in a PDF string (PDFDocEncoding):
(hyperref)                removing `\leftrightarrow' on input line 14.


Package hyperref Warning: Token not allowed in a PDF string (PDFDocEncoding):
(hyperref)                removing `math shift' on input line 14.

[21] [22]
Overfull \hbox (2.73761pt too wide) in paragraph at lines 112--142
 [] 
 []

[23] [24] [25]

Package hyperref Warning: Token not allowed in a PDF string (PDFDocEncoding):
(hyperref)                removing `math shift' on input line 286.


Package hyperref Warning: Token not allowed in a PDF string (PDFDocEncoding):
(hyperref)                removing `\leftrightarrow' on input line 286.


Package hyperref Warning: Token not allowed in a PDF string (PDFDocEncoding):
(hyperref)                removing `math shift' on input line 286.

) (./architecturalDesign/patterns.tex) [26] [27]
Chapter 3.
(./algorithm/algo.tex

Package hyperref Warning: Difference (2) between bookmark levels is greater 
(hyperref)                than one, level fixed on input line 1.


./algorithm/algo.tex:61: LaTeX Error: Something's wrong--perhaps a missing \ite
m.

See the LaTeX manual or LaTeX Companion for explanation.
Type  H <return>  for immediate help.
 ...                                              
                                                  
l.61 }
      
? 

Package tabulary Warning: No suitable columns! on input line 61.


./algorithm/algo.tex:61: LaTeX Error: Something's wrong--perhaps a missing \ite
m.

See the LaTeX manual or LaTeX Companion for explanation.
Type  H <return>  for immediate help.
 ...                                              
                                                  
l.61 }
      
? 

Overfull \hbox (28.71986pt too wide) in paragraph at lines 61--62
[][]
 []


Underfull \hbox (badness 10000) in paragraph at lines 61--62

 []

[28

] [29]

Package tabulary Warning: No suitable columns! on input line 105.


Overfull \hbox (28.71986pt too wide) in paragraph at lines 105--106
[][]
 []


Underfull \hbox (badness 10000) in paragraph at lines 105--106

 []

[30]
Overfull \hbox (2.23346pt too wide) in paragraph at lines 108--109
\OT1/cmr/m/n/10 Below is rep-re-sented the \OT1/cmr/bx/n/10 Ge-olo-ca-tion' al-
go-rithm\OT1/cmr/m/n/10 . Let's be-gin with the premise
 []


./algorithm/algo.tex:111: LaTeX Error: \mathrm allowed only in math mode.

See the LaTeX manual or LaTeX Companion for explanation.
Type  H <return>  for immediate help.
 ...                                              
                                                  
l.111 	\item P = \mathrm
                        {d}x * P1 + \mathrm{d}y * P2 + \mathrm{d}z * P3.
? 

./algorithm/algo.tex:111: LaTeX Error: \mathrm allowed only in math mode.

See the LaTeX manual or LaTeX Companion for explanation.
Type  H <return>  for immediate help.
 ...                                              
                                                  
l.111 	\item P = \mathrm{d}x * P1 + \mathrm
                                           {d}y * P2 + \mathrm{d}z * P3.
? 

./algorithm/algo.tex:111: LaTeX Error: \mathrm allowed only in math mode.

See the LaTeX manual or LaTeX Companion for explanation.
Type  H <return>  for immediate help.
 ...                                              
                                                  
l.111 ...hrm{d}x * P1 + \mathrm{d}y * P2 + \mathrm
                                                  {d}z * P3.
? 

./algorithm/algo.tex:112: LaTeX Error: \mathrm allowed only in math mode.

See the LaTeX manual or LaTeX Companion for explanation.
Type  H <return>  for immediate help.
 ...                                              
                                                  
l.112 	\item P = \mathrm
                        {d}x*P1+ \mathrm{d}y*P2+(1 - \mathrm{d}x - \mathrm{d...

? 

./algorithm/algo.tex:112: LaTeX Error: \mathrm allowed only in math mode.

See the LaTeX manual or LaTeX Companion for explanation.
Type  H <return>  for immediate help.
 ...                                              
                                                  
l.112 	\item P = \mathrm{d}x*P1+ \mathrm
                                        {d}y*P2+(1 - \mathrm{d}x - \mathrm{d...

? 

./algorithm/algo.tex:112: LaTeX Error: \mathrm allowed only in math mode.

See the LaTeX manual or LaTeX Companion for explanation.
Type  H <return>  for immediate help.
 ...                                              
                                                  
l.112 ...athrm{d}x*P1+ \mathrm{d}y*P2+(1 - \mathrm
                                                  {d}x - \mathrm{d}y )*P3.
? 

./algorithm/algo.tex:112: LaTeX Error: \mathrm allowed only in math mode.

See the LaTeX manual or LaTeX Companion for explanation.
Type  H <return>  for immediate help.
 ...                                              
                                                  
l.112 ...\mathrm{d}y*P2+(1 - \mathrm{d}x - \mathrm
                                                  {d}y )*P3.
? 

./algorithm/algo.tex:113: LaTeX Error: \mathrm allowed only in math mode.

See the LaTeX manual or LaTeX Companion for explanation.
Type  H <return>  for immediate help.
 ...                                              
                                                  
l.113 	\item P - P3 = \mathrm
                             {d}x*(P1 - P3)+\mathrm{d}y*(P2 - P3).
? 

./algorithm/algo.tex:113: LaTeX Error: \mathrm allowed only in math mode.

See the LaTeX manual or LaTeX Companion for explanation.
Type  H <return>  for immediate help.
 ...                                              
                                                  
l.113 ...em P - P3 = \mathrm{d}x*(P1 - P3)+\mathrm
                                                  {d}y*(P2 - P3).
? 

Package tabulary Warning: No suitable columns! on input line 183.


Overfull \hbox (28.71986pt too wide) in paragraph at lines 183--184
[][]
 []


Underfull \hbox (badness 10000) in paragraph at lines 183--184

 []

[31])
Underfull \hbox (badness 10000) in paragraph at lines 185--57

 []

[32] [33]
Chapter 4.
(./ud/interface.tex
<Resources/LoginMockup.pdf, id=553, 202.7575pt x 403.5075pt>
File: Resources/LoginMockup.pdf Graphic file (type pdf)

<use Resources/LoginMockup.pdf>
Package pdftex.def Info: Resources/LoginMockup.pdf used on input line 5.
(pdftex.def)             Requested size: 114.37875pt x 227.62204pt.


Package caption Warning: The option `hypcap=true' will be ignored for this
(caption)                particular \caption on input line 5.
See the caption package documentation for explanation.


Underfull \hbox (badness 10000) in paragraph at lines 5--5

 []

[34

 <./Resources/LoginMockup.pdf>]
<Resources/Registration.png, id=565, 211.79124pt x 404.51125pt>
File: Resources/Registration.png Graphic file (type png)

<use Resources/Registration.png>
Package pdftex.def Info: Resources/Registration.png used on input line 8.
(pdftex.def)             Requested size: 119.17752pt x 227.62204pt.


Package caption Warning: The option `hypcap=true' will be ignored for this
(caption)                particular \caption on input line 8.
See the caption package documentation for explanation.


Underfull \hbox (badness 10000) in paragraph at lines 8--8

 []

<Resources/Registration-part-2.png, id=566, 211.79124pt x 404.51125pt>
File: Resources/Registration-part-2.png Graphic file (type png)

<use Resources/Registration-part-2.png>
Package pdftex.def Info: Resources/Registration-part-2.png used on input line 1
1.
(pdftex.def)             Requested size: 119.17752pt x 227.62204pt.


Package caption Warning: The option `hypcap=true' will be ignored for this
(caption)                particular \caption on input line 11.
See the caption package documentation for explanation.


Underfull \hbox (badness 10000) in paragraph at lines 11--11

 []


Underfull \hbox (badness 10000) in paragraph at lines 8--12

 []

<Resources/MapMockup.pdf, id=567, 202.7575pt x 403.5075pt>
File: Resources/MapMockup.pdf Graphic file (type pdf)

<use Resources/MapMockup.pdf>
Package pdftex.def Info: Resources/MapMockup.pdf used on input line 15.
(pdftex.def)             Requested size: 114.37875pt x 227.62204pt.


Package caption Warning: The option `hypcap=true' will be ignored for this
(caption)                particular \caption on input line 15.
See the caption package documentation for explanation.


Underfull \hbox (badness 10000) in paragraph at lines 15--15

 []

<Resources/CarInfo.png, id=568, 202.7575pt x 403.5075pt>
File: Resources/CarInfo.png Graphic file (type png)

<use Resources/CarInfo.png>
Package pdftex.def Info: Resources/CarInfo.png used on input line 18.
(pdftex.def)             Requested size: 114.37875pt x 227.62204pt.


Package caption Warning: The option `hypcap=true' will be ignored for this
(caption)                particular \caption on input line 18.
See the caption package documentation for explanation.


Underfull \hbox (badness 10000) in paragraph at lines 18--18

 []

<Resources/Reservation.png, id=569, 211.79124pt x 404.51125pt>
File: Resources/Reservation.png Graphic file (type png)

<use Resources/Reservation.png>
Package pdftex.def Info: Resources/Reservation.png used on input line 21.
(pdftex.def)             Requested size: 119.17752pt x 227.62204pt.


Package caption Warning: The option `hypcap=true' will be ignored for this
(caption)                particular \caption on input line 21.
See the caption package documentation for explanation.


Underfull \hbox (badness 10000) in paragraph at lines 21--21

 []

<Resources/EditProfile.png, id=570, 211.79124pt x 404.51125pt>
File: Resources/EditProfile.png Graphic file (type png)

<use Resources/EditProfile.png>
Package pdftex.def Info: Resources/EditProfile.png used on input line 24.
(pdftex.def)             Requested size: 119.17752pt x 227.62204pt.


Package caption Warning: The option `hypcap=true' will be ignored for this
(caption)                particular \caption on input line 24.
See the caption package documentation for explanation.


Underfull \hbox (badness 10000) in paragraph at lines 24--24

 []

<Resources/EndRent.png, id=571, 231.86626pt x 404.51125pt>
File: Resources/EndRent.png Graphic file (type png)

<use Resources/EndRent.png>
Package pdftex.def Info: Resources/EndRent.png used on input line 27.
(pdftex.def)             Requested size: 130.47397pt x 227.62204pt.


Package caption Warning: The option `hypcap=true' will be ignored for this
(caption)                particular \caption on input line 27.
See the caption package documentation for explanation.


Underfull \hbox (badness 10000) in paragraph at lines 27--27

 []

[35 <./Resources/Registration.png> <./Resources/Registration-part-2.png>]
[36 <./Resources/MapMockup.pdf> <./Resources/CarInfo.png>] [37 <./Resources/Res
ervation.png> <./Resources/EditProfile.png>] [38 <./Resources/EndRent.png>])
Chapter 5.
(./traceability/requirements.tex

Package tabulary Warning: No suitable columns! on input line 26.


Overfull \hbox (13.71986pt too wide) in paragraph at lines 26--27
[]
 []


Underfull \hbox (badness 10000) in paragraph at lines 26--27

 []


Package tabulary Warning: No suitable columns! on input line 53.


Overfull \hbox (13.71986pt too wide) in paragraph at lines 53--54
[]
 []


Underfull \hbox (badness 10000) in paragraph at lines 53--54

 []

[39

]

Package tabulary Warning: No suitable columns! on input line 80.


Overfull \hbox (13.71986pt too wide) in paragraph at lines 80--81
[]
 []


Underfull \hbox (badness 10000) in paragraph at lines 80--81

 []

[40]

Package tabulary Warning: No suitable columns! on input line 103.


Overfull \hbox (13.71986pt too wide) in paragraph at lines 103--104
[]
 []


Underfull \hbox (badness 10000) in paragraph at lines 103--104

 []

[41]

Package tabulary Warning: No suitable columns! on input line 130.

)
Overfull \hbox (13.71986pt too wide) in paragraph at lines 130--61
[]
 []


Underfull \hbox (badness 10000) in paragraph at lines 130--61

 []

[42] [43]
Appendix A.
[44

] [45]
Package atveryend Info: Empty hook `BeforeClearDocument' on input line 85.
 [46]
Package atveryend Info: Empty hook `AfterLastShipout' on input line 85.
 (./DD.aux)
Package atveryend Info: Executing hook `AtVeryEndDocument' on input line 85.
Package atveryend Info: Executing hook `AtEndAfterFileList' on input line 85.
Package rerunfilecheck Info: File `DD.out' has not changed.
(rerunfilecheck)             Checksum: 8CE9CEDBD67D3E81560689413A2E7923;3561.


LaTeX Warning: Label(s) may have changed. Rerun to get cross-references right.

Package atveryend Info: Empty hook `AtVeryVeryEnd' on input line 85.
 ) 
Here is how much of TeX's memory you used:
 11500 strings out of 493014
 170381 string characters out of 6133350
 392183 words of memory out of 5000000
 14690 multiletter control sequences out of 15000+600000
 11600 words of font info for 41 fonts, out of 8000000 for 9000
 1141 hyphenation exceptions out of 8191
 45i,11n,86p,1004b,528s stack positions out of 5000i,500n,10000p,200000b,80000s
</usr/local/texlive/2016/texmf-dist/fonts/type1/public/amsfonts/cm/cmbx10.pfb
></usr/local/texlive/2016/texmf-dist/fonts/type1/public/amsfonts/cm/cmbx12.pfb>
</usr/local/texlive/2016/texmf-dist/fonts/type1/public/amsfonts/cm/cmbxti10.pfb
></usr/local/texlive/2016/texmf-dist/fonts/type1/public/amsfonts/cm/cmmi10.pfb>
</usr/local/texlive/2016/texmf-dist/fonts/type1/public/amsfonts/cm/cmr10.pfb></
usr/local/texlive/2016/texmf-dist/fonts/type1/public/amsfonts/cm/cmr12.pfb></us
r/local/texlive/2016/texmf-dist/fonts/type1/public/amsfonts/cm/cmr17.pfb></usr/
local/texlive/2016/texmf-dist/fonts/type1/public/amsfonts/cm/cmr7.pfb></usr/loc
al/texlive/2016/texmf-dist/fonts/type1/public/amsfonts/cm/cmsy10.pfb></usr/loca
l/texlive/2016/texmf-dist/fonts/type1/public/amsfonts/cm/cmti10.pfb></usr/local
/texlive/2016/texmf-dist/fonts/type1/public/amsfonts/cm/cmti12.pfb>
Output written on DD.pdf (47 pages, 1045173 bytes).
PDF statistics:
 713 PDF objects out of 1000 (max. 8388607)
 608 compressed objects within 7 object streams
 122 named destinations out of 1000 (max. 500000)
 518 words of extra memory for PDF output out of 10000 (max. 10000000)

