This is pdfTeX, Version 3.14159265-2.6-1.40.17 (TeX Live 2016) (preloaded format=pdflatex 2016.10.22)  14 DEC 2016 00:38
entering extended mode
 restricted \write18 enabled.
 file:line:error style messages enabled.
 %&-line parsing enabled.
**DD_presentation.tex
(./DD_presentation.tex
LaTeX2e <2016/03/31>
Babel <3.9r> and hyphenation patterns for 83 language(s) loaded.
(../Common/Structure/doc_pdf.cls

LaTeX Warning: You have requested document class `../Common/Structure/doc_pdf',

               but the document class provides `doc_pdf'.

Document Class: doc_pdf 
(/usr/local/texlive/2016/texmf-dist/tex/latex/base/report.cls
Document Class: report 2014/09/29 v1.4h Standard LaTeX document class
(/usr/local/texlive/2016/texmf-dist/tex/latex/base/size10.clo
File: size10.clo 2014/09/29 v1.4h Standard LaTeX file (size option)
)
\c@part=\count79
\c@chapter=\count80
\c@section=\count81
\c@subsection=\count82
\c@subsubsection=\count83
\c@paragraph=\count84
\c@subparagraph=\count85
\c@figure=\count86
\c@table=\count87
\abovecaptionskip=\skip41
\belowcaptionskip=\skip42
\bibindent=\dimen102
)
(/usr/local/texlive/2016/texmf-dist/tex/latex/graphics/graphicx.sty
Package: graphicx 2014/10/28 v1.0g Enhanced LaTeX Graphics (DPC,SPQR)

(/usr/local/texlive/2016/texmf-dist/tex/latex/graphics/keyval.sty
Package: keyval 2014/10/28 v1.15 key=value parser (DPC)
\KV@toks@=\toks14
)
(/usr/local/texlive/2016/texmf-dist/tex/latex/graphics/graphics.sty
Package: graphics 2016/05/09 v1.0r Standard LaTeX Graphics (DPC,SPQR)

(/usr/local/texlive/2016/texmf-dist/tex/latex/graphics/trig.sty
Package: trig 2016/01/03 v1.10 sin cos tan (DPC)
)
(/usr/local/texlive/2016/texmf-dist/tex/latex/graphics-cfg/graphics.cfg
File: graphics.cfg 2016/01/02 v1.10 sample graphics configuration
)
Package graphics Info: Driver file: pdftex.def on input line 96.

(/usr/local/texlive/2016/texmf-dist/tex/latex/pdftex-def/pdftex.def
File: pdftex.def 2011/05/27 v0.06d Graphics/color for pdfTeX

(/usr/local/texlive/2016/texmf-dist/tex/generic/oberdiek/infwarerr.sty
Package: infwarerr 2016/05/16 v1.4 Providing info/warning/error messages (HO)
)
(/usr/local/texlive/2016/texmf-dist/tex/generic/oberdiek/ltxcmds.sty
Package: ltxcmds 2016/05/16 v1.23 LaTeX kernel commands for general use (HO)
)
\Gread@gobject=\count88
))
\Gin@req@height=\dimen103
\Gin@req@width=\dimen104
)
(/usr/local/texlive/2016/texmf-dist/tex/latex/caption/caption.sty
Package: caption 2016/02/21 v3.3-144 Customizing captions (AR)

(/usr/local/texlive/2016/texmf-dist/tex/latex/caption/caption3.sty
Package: caption3 2016/02/04 v1.7-139 caption3 kernel (AR)
Package caption3 Info: TeX engine: e-TeX on input line 67.
\captionmargin=\dimen105
\captionmargin@=\dimen106
\captionwidth=\dimen107
\caption@tempdima=\dimen108
\caption@indent=\dimen109
\caption@parindent=\dimen110
\caption@hangindent=\dimen111
)
\c@ContinuedFloat=\count89
)
(/usr/local/texlive/2016/texmf-dist/tex/latex/hyperref/hyperref.sty
Package: hyperref 2016/05/05 v6.83n Hypertext links for LaTeX

(/usr/local/texlive/2016/texmf-dist/tex/generic/oberdiek/hobsub-hyperref.sty
Package: hobsub-hyperref 2016/05/16 v1.14 Bundle oberdiek, subset hyperref (HO)


(/usr/local/texlive/2016/texmf-dist/tex/generic/oberdiek/hobsub-generic.sty
Package: hobsub-generic 2016/05/16 v1.14 Bundle oberdiek, subset generic (HO)
Package: hobsub 2016/05/16 v1.14 Construct package bundles (HO)
Package hobsub Info: Skipping package `infwarerr' (already loaded).
Package hobsub Info: Skipping package `ltxcmds' (already loaded).
Package: ifluatex 2016/05/16 v1.4 Provides the ifluatex switch (HO)
Package ifluatex Info: LuaTeX not detected.
Package: ifvtex 2016/05/16 v1.6 Detect VTeX and its facilities (HO)
Package ifvtex Info: VTeX not detected.
Package: intcalc 2016/05/16 v1.2 Expandable calculations with integers (HO)
Package: ifpdf 2016/05/14 v3.1 Provides the ifpdf switch
Package: etexcmds 2016/05/16 v1.6 Avoid name clashes with e-TeX commands (HO)
Package etexcmds Info: Could not find \expanded.
(etexcmds)             That can mean that you are not using pdfTeX 1.50 or
(etexcmds)             that some package has redefined \expanded.
(etexcmds)             In the latter case, load this package earlier.
Package: kvsetkeys 2016/05/16 v1.17 Key value parser (HO)
Package: kvdefinekeys 2016/05/16 v1.4 Define keys (HO)
Package: pdftexcmds 2016/05/10 v0.21 Utility functions of pdfTeX for LuaTeX (HO
)
Package pdftexcmds Info: LuaTeX not detected.
Package pdftexcmds Info: \pdf@primitive is available.
Package pdftexcmds Info: \pdf@ifprimitive is available.
Package pdftexcmds Info: \pdfdraftmode found.
Package: pdfescape 2016/05/16 v1.14 Implements pdfTeX's escape features (HO)
Package: bigintcalc 2016/05/16 v1.4 Expandable calculations on big integers (HO
)
Package: bitset 2016/05/16 v1.2 Handle bit-vector datatype (HO)
Package: uniquecounter 2016/05/16 v1.3 Provide unlimited unique counter (HO)
)
Package hobsub Info: Skipping package `hobsub' (already loaded).
Package: letltxmacro 2016/05/16 v1.5 Let assignment for LaTeX macros (HO)
Package: hopatch 2016/05/16 v1.3 Wrapper for package hooks (HO)
Package: xcolor-patch 2016/05/16 xcolor patch
Package: atveryend 2016/05/16 v1.9 Hooks at the very end of document (HO)
Package atveryend Info: \enddocument detected (standard20110627).
Package: atbegshi 2016/05/16 v1.17 At begin shipout hook (HO)
Package: refcount 2016/05/16 v3.5 Data extraction from label references (HO)
Package: hycolor 2016/05/16 v1.8 Color options for hyperref/bookmark (HO)
)
(/usr/local/texlive/2016/texmf-dist/tex/generic/ifxetex/ifxetex.sty
Package: ifxetex 2010/09/12 v0.6 Provides ifxetex conditional
)
(/usr/local/texlive/2016/texmf-dist/tex/latex/oberdiek/auxhook.sty
Package: auxhook 2016/05/16 v1.4 Hooks for auxiliary files (HO)
)
(/usr/local/texlive/2016/texmf-dist/tex/latex/oberdiek/kvoptions.sty
Package: kvoptions 2016/05/16 v3.12 Key value format for package options (HO)
)
\@linkdim=\dimen112
\Hy@linkcounter=\count90
\Hy@pagecounter=\count91

(/usr/local/texlive/2016/texmf-dist/tex/latex/hyperref/pd1enc.def
File: pd1enc.def 2016/05/05 v6.83n Hyperref: PDFDocEncoding definition (HO)
)
\Hy@SavedSpaceFactor=\count92

(/usr/local/texlive/2016/texmf-dist/tex/latex/latexconfig/hyperref.cfg
File: hyperref.cfg 2002/06/06 v1.2 hyperref configuration of TeXLive
)
Package hyperref Info: Hyper figures OFF on input line 4446.
Package hyperref Info: Link nesting OFF on input line 4451.
Package hyperref Info: Hyper index ON on input line 4454.
Package hyperref Info: Plain pages OFF on input line 4461.
Package hyperref Info: Backreferencing OFF on input line 4466.
Package hyperref Info: Implicit mode ON; LaTeX internals redefined.
Package hyperref Info: Bookmarks ON on input line 4691.
\c@Hy@tempcnt=\count93

(/usr/local/texlive/2016/texmf-dist/tex/latex/url/url.sty
\Urlmuskip=\muskip10
Package: url 2013/09/16  ver 3.4  Verb mode for urls, etc.
)
LaTeX Info: Redefining \url on input line 5044.
\XeTeXLinkMargin=\dimen113
\Fld@menulength=\count94
\Field@Width=\dimen114
\Fld@charsize=\dimen115
Package hyperref Info: Hyper figures OFF on input line 6298.
Package hyperref Info: Link nesting OFF on input line 6303.
Package hyperref Info: Hyper index ON on input line 6306.
Package hyperref Info: backreferencing OFF on input line 6313.
Package hyperref Info: Link coloring OFF on input line 6318.
Package hyperref Info: Link coloring with OCG OFF on input line 6323.
Package hyperref Info: PDF/A mode OFF on input line 6328.
LaTeX Info: Redefining \ref on input line 6368.
LaTeX Info: Redefining \pageref on input line 6372.
\Hy@abspage=\count95
\c@Item=\count96
\c@Hfootnote=\count97
)

Package hyperref Message: Driver (autodetected): hpdftex.

(/usr/local/texlive/2016/texmf-dist/tex/latex/hyperref/hpdftex.def
File: hpdftex.def 2016/05/05 v6.83n Hyperref driver for pdfTeX
\Fld@listcount=\count98
\c@bookmark@seq@number=\count99

(/usr/local/texlive/2016/texmf-dist/tex/latex/oberdiek/rerunfilecheck.sty
Package: rerunfilecheck 2016/05/16 v1.8 Rerun checks for auxiliary files (HO)
Package uniquecounter Info: New unique counter `rerunfilecheck' on input line 2
82.
)
\Hy@SectionHShift=\skip43
)
(/usr/local/texlive/2016/texmf-dist/tex/latex/titlepic/titlepic.sty
Package: titlepic 2009/08/03 1.1 Package to display a picture on the title page

)
(/usr/local/texlive/2016/texmf-dist/tex/latex/listings/listings.sty
\lst@mode=\count100
\lst@gtempboxa=\box26
\lst@token=\toks15
\lst@length=\count101
\lst@currlwidth=\dimen116
\lst@column=\count102
\lst@pos=\count103
\lst@lostspace=\dimen117
\lst@width=\dimen118
\lst@newlines=\count104
\lst@lineno=\count105
\lst@maxwidth=\dimen119

(/usr/local/texlive/2016/texmf-dist/tex/latex/listings/lstmisc.sty
File: lstmisc.sty 2015/06/04 1.6 (Carsten Heinz)
\c@lstnumber=\count106
\lst@skipnumbers=\count107
\lst@framebox=\box27
)
(/usr/local/texlive/2016/texmf-dist/tex/latex/listings/listings.cfg
File: listings.cfg 2015/06/04 1.6 listings configuration
))
Package: listings 2015/06/04 1.6 (Carsten Heinz)

(/usr/local/texlive/2016/texmf-dist/tex/latex/graphics/color.sty
Package: color 2016/05/09 v1.1c Standard LaTeX Color (DPC)

(/usr/local/texlive/2016/texmf-dist/tex/latex/graphics-cfg/color.cfg
File: color.cfg 2016/01/02 v1.6 sample color configuration
)
Package color Info: Driver file: pdftex.def on input line 144.
)
(/usr/local/texlive/2016/texmf-dist/tex/latex/tabulary/tabulary.sty
Package: tabulary 2014/06/11 v0.10 tabulary package (DPC)

(/usr/local/texlive/2016/texmf-dist/tex/latex/tools/array.sty
Package: array 2014/10/28 v2.4c Tabular extension package (FMi)
\col@sep=\dimen120
\extrarowheight=\dimen121
\NC@list=\toks16
\extratabsurround=\skip44
\backup@length=\skip45
)
\TY@count=\count108
\TY@linewidth=\dimen122
\tymin=\dimen123
\tymax=\dimen124
\TY@tablewidth=\dimen125
)
(/usr/local/texlive/2016/texmf-dist/tex/latex/datetime/datetime.sty
Package: datetime 2015/03/20 v2.60 Date Time Package

(/usr/local/texlive/2016/texmf-dist/tex/latex/etoolbox/etoolbox.sty
Package: etoolbox 2015/08/02 v2.2a e-TeX tools for LaTeX (JAW)
\etb@tempcnta=\count109
)
(/usr/local/texlive/2016/texmf-dist/tex/latex/fmtcount/fmtcount.sty
Package: fmtcount 2015/05/05 v3.01

(/usr/local/texlive/2016/texmf-dist/tex/latex/base/ifthen.sty
Package: ifthen 2014/09/29 v1.1c Standard LaTeX ifthen package (DPC)
)
(/usr/local/texlive/2016/texmf-dist/tex/latex/xkeyval/xkeyval.sty
Package: xkeyval 2014/12/03 v2.7a package option processing (HA)

(/usr/local/texlive/2016/texmf-dist/tex/generic/xkeyval/xkeyval.tex
(/usr/local/texlive/2016/texmf-dist/tex/generic/xkeyval/xkvutils.tex
\XKV@toks=\toks17
\XKV@tempa@toks=\toks18
)
\XKV@depth=\count110
File: xkeyval.tex 2014/12/03 v2.7a key=value parser (HA)
))
(/usr/local/texlive/2016/texmf-dist/tex/latex/fmtcount/fcprefix.sty
Package: fcprefix 2012/09/28

(/usr/local/texlive/2016/texmf-dist/tex/latex/fmtcount/fcnumparser.sty
Package: fcnumparser 2012/09/28
\fc@digit@counter=\count111
))
(/usr/local/texlive/2016/texmf-dist/tex/latex/amsmath/amsgen.sty
File: amsgen.sty 1999/11/30 v2.0 generic functions
\@emptytoks=\toks19
\ex@=\dimen126
)
\c@padzeroesN=\count112
\fc@tmpcatcode=\count113
\@DT@modctr=\count114
\@ordinalctr=\count115
\@orgargctr=\count116
\@strctr=\count117
\@tmpstrctr=\count118
\@DT@loopN=\count119
\@DT@X=\count120

(/usr/local/texlive/2016/texmf-dist/tex/latex/fmtcount/fc-english.def
File: fc-english.def 2013/08/17
))
(/usr/local/texlive/2016/texmf-dist/tex/latex/datetime/datetime-defaults.sty
Package: datetime-defaults 2013/09/10
)
\@day=\count121
\@month=\count122
\@year=\count123
\c@HOUR=\count124
\c@HOURXII=\count125
\c@MINUTE=\count126
\c@TOHOUR=\count127
\c@TOMINUTE=\count128
\c@SECOND=\count129
\currenthour=\count130
\currentminute=\count131
\currentsecond=\count132
Package datetime Info: No datetime.cfg file found, using default settings on in
put line 308.
\@dtctr=\count133
\dayofyear=\count134
\dayofweek=\count135
LaTeX Info: Redefining \today on input line 736.
\dt@a=\toks20
\dt@b=\toks21
)
(/usr/local/texlive/2016/texmf-dist/tex/latex/lipsum/lipsum.sty
Package: lipsum 2014/07/27 v1.3 150 paragraphs of Lorem Ipsum dummy text
\c@lips@count=\count136
)
(/usr/local/texlive/2016/texmf-dist/tex/latex/xcolor/xcolor.sty
Package: xcolor 2016/05/11 v2.12 LaTeX color extensions (UK)

(/usr/local/texlive/2016/texmf-dist/tex/latex/graphics-cfg/color.cfg
File: color.cfg 2016/01/02 v1.6 sample color configuration
)
Package xcolor Info: Driver file: pdftex.def on input line 225.
LaTeX Info: Redefining \color on input line 709.
Package xcolor Info: Model `cmy' substituted by `cmy0' on input line 1348.
Package xcolor Info: Model `hsb' substituted by `rgb' on input line 1352.
Package xcolor Info: Model `RGB' extended on input line 1364.
Package xcolor Info: Model `HTML' substituted by `rgb' on input line 1366.
Package xcolor Info: Model `Hsb' substituted by `hsb' on input line 1367.
Package xcolor Info: Model `tHsb' substituted by `hsb' on input line 1368.
Package xcolor Info: Model `HSB' substituted by `hsb' on input line 1369.
Package xcolor Info: Model `Gray' substituted by `gray' on input line 1370.
Package xcolor Info: Model `wave' substituted by `hsb' on input line 1371.

(/usr/local/texlive/2016/texmf-dist/tex/latex/graphics/dvipsnam.def
File: dvipsnam.def 2015/12/30 v3.0k Driver-dependent file (DPC,SPQR)
))
(/usr/local/texlive/2016/texmf-dist/tex/latex/soul/soul.sty
Package: soul 2003/11/17 v2.4 letterspacing/underlining (mf)
\SOUL@word=\toks22
\SOUL@lasttoken=\toks23
\SOUL@cmds=\toks24
\SOUL@buffer=\toks25
\SOUL@token=\toks26
\SOUL@spaceskip=\skip46
\SOUL@ttwidth=\dimen127
\SOUL@uldp=\dimen128
\SOUL@ulht=\dimen129
)
(/usr/local/texlive/2016/texmf-dist/tex/latex/titling/titling.sty
Package: titling 2009/09/04 v2.1d maketitle typesetting
\thanksmarkwidth=\skip47
\thanksmargin=\skip48
\droptitle=\skip49
)
(/usr/local/texlive/2016/texmf-dist/tex/latex/float/float.sty
Package: float 2001/11/08 v1.3d Float enhancements (AL)
\c@float@type=\count137
\float@exts=\toks27
\float@box=\box28
\@float@everytoks=\toks28
\@floatcapt=\box29
)
(/usr/local/texlive/2016/texmf-dist/tex/latex/enumitem/enumitem.sty
Package: enumitem 2011/09/28 v3.5.2 Customized lists
\labelindent=\skip50
\enit@outerparindent=\dimen130
\enit@toks=\toks29
\enit@inbox=\box30
\enitdp@description=\count138
)
(/usr/local/texlive/2016/texmf-dist/tex/latex/fancyhdr/fancyhdr.sty
\fancy@headwidth=\skip51
\f@ncyO@elh=\skip52
\f@ncyO@erh=\skip53
\f@ncyO@olh=\skip54
\f@ncyO@orh=\skip55
\f@ncyO@elf=\skip56
\f@ncyO@erf=\skip57
\f@ncyO@olf=\skip58
\f@ncyO@orf=\skip59
)
(/usr/local/texlive/2016/texmf-dist/tex/latex/multirow/multirow.sty
\bigstrutjot=\dimen131
)
(/usr/local/texlive/2016/texmf-dist/tex/latex/amsmath/amsmath.sty
Package: amsmath 2016/03/10 v2.15b AMS math features
\@mathmargin=\skip60

For additional information on amsmath, use the `?' option.
(/usr/local/texlive/2016/texmf-dist/tex/latex/amsmath/amstext.sty
Package: amstext 2000/06/29 v2.01 AMS text
)
(/usr/local/texlive/2016/texmf-dist/tex/latex/amsmath/amsbsy.sty
Package: amsbsy 1999/11/29 v1.2d Bold Symbols
\pmbraise@=\dimen132
)
(/usr/local/texlive/2016/texmf-dist/tex/latex/amsmath/amsopn.sty
Package: amsopn 2016/03/08 v2.02 operator names
)
\inf@bad=\count139
LaTeX Info: Redefining \frac on input line 199.
\uproot@=\count140
\leftroot@=\count141
LaTeX Info: Redefining \overline on input line 297.
\classnum@=\count142
\DOTSCASE@=\count143
LaTeX Info: Redefining \ldots on input line 394.
LaTeX Info: Redefining \dots on input line 397.
LaTeX Info: Redefining \cdots on input line 518.
\Mathstrutbox@=\box31
\strutbox@=\box32
\big@size=\dimen133
LaTeX Font Info:    Redeclaring font encoding OML on input line 634.
LaTeX Font Info:    Redeclaring font encoding OMS on input line 635.
\macc@depth=\count144
\c@MaxMatrixCols=\count145
\dotsspace@=\muskip11
\c@parentequation=\count146
\dspbrk@lvl=\count147
\tag@help=\toks30
\row@=\count148
\column@=\count149
\maxfields@=\count150
\andhelp@=\toks31
\eqnshift@=\dimen134
\alignsep@=\dimen135
\tagshift@=\dimen136
\tagwidth@=\dimen137
\totwidth@=\dimen138
\lineht@=\dimen139
\@envbody=\toks32
\multlinegap=\skip61
\multlinetaggap=\skip62
\mathdisplay@stack=\toks33
LaTeX Info: Redefining \[ on input line 2739.
LaTeX Info: Redefining \] on input line 2740.
)
(/usr/local/texlive/2016/texmf-dist/tex/latex/algorithms/algorithm.sty
Package: algorithm 2009/08/24 v0.1 Document Style `algorithm' - floating enviro
nment
\@float@every@algorithm=\toks34
\c@algorithm=\count151
)
(/usr/local/texlive/2016/texmf-dist/tex/latex/algorithmicx/algpseudocode.sty
Package: algpseudocode 

(/usr/local/texlive/2016/texmf-dist/tex/latex/algorithmicx/algorithmicx.sty
Package: algorithmicx 2005/04/27 v1.2 Algorithmicx

Document Style algorithmicx 1.2 - a greatly improved `algorithmic' style
\c@ALG@line=\count152
\c@ALG@rem=\count153
\c@ALG@nested=\count154
\ALG@tlm=\skip63
\ALG@thistlm=\skip64
\c@ALG@Lnr=\count155
\c@ALG@blocknr=\count156
\c@ALG@storecount=\count157
\c@ALG@tmpcounter=\count158
\ALG@tmplength=\skip65
)
Document Style - pseudocode environments for use with the `algorithmicx' style
)
Package hyperref Info: Option `colorlinks' set `true' on input line 113.
)
No file DD_presentation.aux.
\openout1 = `DD_presentation.aux'.

LaTeX Font Info:    Checking defaults for OML/cmm/m/it on input line 22.
LaTeX Font Info:    ... okay on input line 22.
LaTeX Font Info:    Checking defaults for T1/cmr/m/n on input line 22.
LaTeX Font Info:    ... okay on input line 22.
LaTeX Font Info:    Checking defaults for OT1/cmr/m/n on input line 22.
LaTeX Font Info:    ... okay on input line 22.
LaTeX Font Info:    Checking defaults for OMS/cmsy/m/n on input line 22.
LaTeX Font Info:    ... okay on input line 22.
LaTeX Font Info:    Checking defaults for OMX/cmex/m/n on input line 22.
LaTeX Font Info:    ... okay on input line 22.
LaTeX Font Info:    Checking defaults for U/cmr/m/n on input line 22.
LaTeX Font Info:    ... okay on input line 22.
LaTeX Font Info:    Checking defaults for PD1/pdf/m/n on input line 22.
LaTeX Font Info:    ... okay on input line 22.
(/usr/local/texlive/2016/texmf-dist/tex/context/base/mkii/supp-pdf.mkii
[Loading MPS to PDF converter (version 2006.09.02).]
\scratchcounter=\count159
\scratchdimen=\dimen140
\scratchbox=\box33
\nofMPsegments=\count160
\nofMParguments=\count161
\everyMPshowfont=\toks35
\MPscratchCnt=\count162
\MPscratchDim=\dimen141
\MPnumerator=\count163
\makeMPintoPDFobject=\count164
\everyMPtoPDFconversion=\toks36
) (/usr/local/texlive/2016/texmf-dist/tex/latex/oberdiek/epstopdf-base.sty
Package: epstopdf-base 2016/05/15 v2.6 Base part for package epstopdf

(/usr/local/texlive/2016/texmf-dist/tex/latex/oberdiek/grfext.sty
Package: grfext 2016/05/16 v1.2 Manage graphics extensions (HO)
)
Package grfext Info: Graphics extension search list:
(grfext)             [.png,.pdf,.jpg,.mps,.jpeg,.jbig2,.jb2,.PNG,.PDF,.JPG,.JPE
G,.JBIG2,.JB2,.eps]
(grfext)             \AppendGraphicsExtensions on input line 456.

(/usr/local/texlive/2016/texmf-dist/tex/latex/latexconfig/epstopdf-sys.cfg
File: epstopdf-sys.cfg 2010/07/13 v1.3 Configuration of (r)epstopdf for TeX Liv
e
))
Package caption Info: Begin \AtBeginDocument code.
Package caption Info: float package is loaded.
Package caption Info: hyperref package is loaded.
Package caption Info: listings package is loaded.
Package caption Info: End \AtBeginDocument code.
\AtBeginShipoutBox=\box34
Package hyperref Info: Link coloring ON on input line 22.

(/usr/local/texlive/2016/texmf-dist/tex/latex/hyperref/nameref.sty
Package: nameref 2012/10/27 v2.43 Cross-referencing by name of section

(/usr/local/texlive/2016/texmf-dist/tex/generic/oberdiek/gettitlestring.sty
Package: gettitlestring 2016/05/16 v1.5 Cleanup title references (HO)
)
\c@section@level=\count165
)
LaTeX Info: Redefining \ref on input line 22.
LaTeX Info: Redefining \pageref on input line 22.
LaTeX Info: Redefining \nameref on input line 22.
\@outlinefile=\write3
\openout3 = `DD_presentation.out'.

\c@lstlisting=\count166

<../Common/Resources/PoliLogo.png, id=4, 228.35312pt x 229.35687pt>
File: ../Common/Resources/PoliLogo.png Graphic file (type png)

<use ../Common/Resources/PoliLogo.png>
Package pdftex.def Info: ../Common/Resources/PoliLogo.png used on input line 23
.
(pdftex.def)             Requested size: 170.71652pt x 171.47127pt.
 [1

{/usr/local/texlive/2016/texmf-var/fonts/map/pdftex/updmap/pdftex.map} <../Comm
on/Resources/PoliLogo.png>]
\tf@toc=\write4
\openout4 = `DD_presentation.toc'.

pdfTeX warning (ext4): destination with the same identifier (name{page.1}) has 
been already used, duplicate ignored
<to be read again> 
                   \relax 
l.23 	\titleToc
               {} [1

]
\tf@lof=\write5
\openout5 = `DD_presentation.lof'.


./DD_presentation.tex:28: Missing number, treated as zero.
<to be read again> 
                   f
l.28 	\end{frame}
                 
? 
./DD_presentation.tex:28: Illegal unit of measure (pt inserted).
<to be read again> 
                   f
l.28 	\end{frame}
                 
? 

LaTeX Warning: File `./section_2/general_diagram_dd.png' not found on input lin
e 28.


./DD_presentation.tex:28: Package pdftex.def Error: File `./section_2/general_d
iagram_dd.png' not found.

See the pdftex.def package documentation for explanation.
Type  H <return>  for immediate help.
 ...                                              
                                                  
l.28 	\end{frame}
                 
? 

Package caption Warning: The option `hypcap=true' will be ignored for this
(caption)                particular \caption on input line 28.
See the caption package documentation for explanation.

./DD_presentation.tex:28: Argument of \end has an extra }.
<inserted text> 
                \par 
l.28 	\end{frame}
                 
? 
Runaway argument?
./DD_presentation.tex:28: Paragraph ended before \end was complete.
<to be read again> 
                   \par 
l.28 	\end{frame}
                 
? 
./DD_presentation.tex:28: Missing number, treated as zero.
<to be read again> 
                   f
l.28 	\end{frame}
                 
? 
./DD_presentation.tex:28: Illegal unit of measure (pt inserted).
<to be read again> 
                   f
l.28 	\end{frame}
                 
? 

Overfull \hbox (86.30571pt too wide) in paragraph at lines 26--29
[]  $[]$
 []


Underfull \hbox (badness 10000) in paragraph at lines 26--29

 []

[2

]
LaTeX Font Info:    Try loading font information for OMS+cmr on input line 33.
 (/usr/local/texlive/2016/texmf-dist/tex/latex/base/omscmr.fd
File: omscmr.fd 2014/09/29 v2.5h Standard LaTeX font definitions
)
LaTeX Font Info:    Font shape `OMS/cmr/m/n' in size <10> not available
(Font)              Font shape `OMS/cmsy/m/n' tried instead on input line 33.
 [3]
./DD_presentation.tex:55: Undefined control sequence.
l.55 ...gned specifically to access \myTaxiService
                                                  {} system in a different w...

? 
./DD_presentation.tex:82: Undefined control sequence.
l.82 ...to store and manage all the \myTaxiService
                                                  {} relevant data.
? 
[4]
./DD_presentation.tex:94: Undefined control sequence.
l.94 ...constitute the core part of \myTaxiService
                                                  {}.
? 
./DD_presentation.tex:100: Undefined control sequence.
l.100 ...functionalities needed for \myTaxiService
                                                  {} to work.
? 
./DD_presentation.tex:112: Missing number, treated as zero.
<to be read again> 
                   f
l.112 	\end{frame}
                  
? 
./DD_presentation.tex:112: Illegal unit of measure (pt inserted).
<to be read again> 
                   f
l.112 	\end{frame}
                  
? 

LaTeX Warning: File `./section_2/component_diagram/component_diagram.png' not f
ound on input line 112.


./DD_presentation.tex:112: Package pdftex.def Error: File `./section_2/componen
t_diagram/component_diagram.png' not found.

See the pdftex.def package documentation for explanation.
Type  H <return>  for immediate help.
 ...                                              
                                                  
l.112 	\end{frame}
                  
? 

Package caption Warning: The option `hypcap=true' will be ignored for this
(caption)                particular \caption on input line 112.
See the caption package documentation for explanation.

./DD_presentation.tex:112: Argument of \end has an extra }.
<inserted text> 
                \par 
l.112 	\end{frame}
                  
? 
Runaway argument?
./DD_presentation.tex:112: Paragraph ended before \end was complete.
<to be read again> 
                   \par 
l.112 	\end{frame}
                  
? 
./DD_presentation.tex:112: Missing number, treated as zero.
<to be read again> 
                   f
l.112 	\end{frame}
                  
? 
./DD_presentation.tex:112: Illegal unit of measure (pt inserted).
<to be read again> 
                   f
l.112 	\end{frame}
                  
? 

Overfull \hbox (207.59744pt too wide) in paragraph at lines 108--113
\OT1/cmr/bx/n/10 ga-ni-za-tion \OT1/cmr/m/n/10 and the \OT1/cmr/bx/n/10 MVC im-
ple-men-ta-tion\OT1/cmr/m/n/10 .  $[]$
 []


Underfull \hbox (badness 10000) in paragraph at lines 108--113

 []

[5]
./DD_presentation.tex:126: Missing number, treated as zero.
<to be read again> 
                   f
l.126 	\end{frame}
                  
? 
./DD_presentation.tex:126: Illegal unit of measure (pt inserted).
<to be read again> 
                   f
l.126 	\end{frame}
                  
? 

LaTeX Warning: File `./section_2/deployment_diagram/deployment_diagram.png' not
 found on input line 126.


./DD_presentation.tex:126: Package pdftex.def Error: File `./section_2/deployme
nt_diagram/deployment_diagram.png' not found.

See the pdftex.def package documentation for explanation.
Type  H <return>  for immediate help.
 ...                                              
                                                  
l.126 	\end{frame}
                  
? 

Package caption Warning: The option `hypcap=true' will be ignored for this
(caption)                particular \caption on input line 126.
See the caption package documentation for explanation.

./DD_presentation.tex:126: Argument of \end has an extra }.
<inserted text> 
                \par 
l.126 	\end{frame}
                  
? 
Runaway argument?
./DD_presentation.tex:126: Paragraph ended before \end was complete.
<to be read again> 
                   \par 
l.126 	\end{frame}
                  
? 
./DD_presentation.tex:126: Missing number, treated as zero.
<to be read again> 
                   f
l.126 	\end{frame}
                  
? 
./DD_presentation.tex:126: Illegal unit of measure (pt inserted).
<to be read again> 
                   f
l.126 	\end{frame}
                  
? 

Overfull \hbox (217.3268pt too wide) in paragraph at lines 123--127
\OT1/cmr/bx/n/10 po-nents \OT1/cmr/m/n/10 are mapped into the \OT1/cmr/bx/n/10 
phys-i-cal sys-tem\OT1/cmr/m/n/10 .  $[]$
 []


Underfull \hbox (badness 10000) in paragraph at lines 123--127

 []

[6]
./DD_presentation.tex:147: Missing number, treated as zero.
<to be read again> 
                   f
l.147 	\end{frame}
                  
? 
./DD_presentation.tex:147: Illegal unit of measure (pt inserted).
<to be read again> 
                   f
l.147 	\end{frame}
                  
? 

LaTeX Warning: File `./section_2/sequence_diagrams/admin_td_reg_sequence_diagra
m.png' not found on input line 147.


./DD_presentation.tex:147: Package pdftex.def Error: File `./section_2/sequence
_diagrams/admin_td_reg_sequence_diagram.png' not found.

See the pdftex.def package documentation for explanation.
Type  H <return>  for immediate help.
 ...                                              
                                                  
l.147 	\end{frame}
                  
? 

Package caption Warning: The option `hypcap=true' will be ignored for this
(caption)                particular \caption on input line 147.
See the caption package documentation for explanation.

./DD_presentation.tex:147: Argument of \end has an extra }.
<inserted text> 
                \par 
l.147 	\end{frame}
                  
? 
Runaway argument?
./DD_presentation.tex:147: Paragraph ended before \end was complete.
<to be read again> 
                   \par 
l.147 	\end{frame}
                  
? 
./DD_presentation.tex:147: Missing number, treated as zero.
<to be read again> 
                   f
l.147 	\end{frame}
                  
? 
./DD_presentation.tex:147: Illegal unit of measure (pt inserted).
<to be read again> 
                   f
l.147 	\end{frame}
                  
? 
./DD_presentation.tex:150: Missing number, treated as zero.
<to be read again> 
                   f
l.150 	\end{frame}
                  
? 
./DD_presentation.tex:150: Illegal unit of measure (pt inserted).
<to be read again> 
                   f
l.150 	\end{frame}
                  
? 

LaTeX Warning: File `./section_2/sequence_diagrams/tr_timer_expired_sequence_di
agram.png' not found on input line 150.


./DD_presentation.tex:150: Package pdftex.def Error: File `./section_2/sequence
_diagrams/tr_timer_expired_sequence_diagram.png' not found.

See the pdftex.def package documentation for explanation.
Type  H <return>  for immediate help.
 ...                                              
                                                  
l.150 	\end{frame}
                  
? 

Package caption Warning: The option `hypcap=true' will be ignored for this
(caption)                particular \caption on input line 150.
See the caption package documentation for explanation.

./DD_presentation.tex:150: Argument of \end has an extra }.
<inserted text> 
                \par 
l.150 	\end{frame}
                  
? 
Runaway argument?
./DD_presentation.tex:150: Paragraph ended before \end was complete.
<to be read again> 
                   \par 
l.150 	\end{frame}
                  
? 
./DD_presentation.tex:150: Missing number, treated as zero.
<to be read again> 
                   f
l.150 	\end{frame}
                  
? 
./DD_presentation.tex:150: Illegal unit of measure (pt inserted).
<to be read again> 
                   f
l.150 	\end{frame}
                  
? 

Overfull \hbox (111.80573pt too wide) in paragraph at lines 145--151
[]  $[]$
 []


Overfull \hbox (141.05582pt too wide) in paragraph at lines 145--151
[]  $[]$
 []


Underfull \hbox (badness 10000) in paragraph at lines 145--151

 []

[7]
./DD_presentation.tex:153: Undefined control sequence.
l.153 ...e chosen in order to build \myTaxiService
                                                  {} as a modern software.
? 

Overfull \hbox (4.61162pt too wide) in paragraph at lines 152--156
[] \OT1/cmr/m/n/10 Sev-eral ar-chi-tec-tural styles and
 []

./DD_presentation.tex:156: Undefined control sequence.
l.156 ...} All the clients that use \myTaxiService
                                                  {} (i.e. the Passengers, t...

? 
[8]
./DD_presentation.tex:167: Undefined control sequence.
l.167 ...ected to the Web Server of \myTaxiService
                                                  {}.
? 

Overfull \hbox (12.96535pt too wide) in paragraph at lines 166--181
[] \OT1/cmr/m/n/10 The \OT1/cmr/bx/n/10 Client-Server \OT1/cmr/m/n/10 style
 []


Overfull \hbox (24.31544pt too wide) in paragraph at lines 166--181
\OT1/cmr/m/n/10 start the com-mu-ni-ca-tion.  []
 []


Overfull \hbox (1.78766pt too wide) in paragraph at lines 166--181
\OT1/cmr/m/n/10 dated ge-olo-ca-tion data.  []
 []

./DD_presentation.tex:184: Undefined control sequence.
l.184 ...equired functionalities of \myTaxiService
                                                  {} are already mapped onto...

? 

Overfull \hbox (3.75052pt too wide) in paragraph at lines 182--188
[] \OT1/cmr/m/n/10 Sev-eral tech-nolo-gies have been
 []

./DD_presentation.tex:194: Undefined control sequence.
l.194 		All the other servers in \myTaxiService
                                               {} system are reachable only ...

? 
[9] (/usr/local/texlive/2016/texmf-dist/tex/latex/listings/lstlang1.sty
File: lstlang1.sty 2015/06/04 1.6 listings language file
)

! Package Listings Error: File `./section_3/java/src/mts/queue/QueueManager(.ja
va)' not found.

Type X to quit or <RETURN> to proceed,
or enter new name. (Default extension: java)

Enter file name: 
./DD_presentation.tex:206: Undefined control sequence.
\\lst@inputlisting ...}}\reserved@a }\lst@doendpe 
                                                  \@newlistfalse \ignorespaces 
l.206 ...n_3/java/src/mts/queue/QueueManager.java}
                                                  
? 

! Package Listings Error: File `./section_3/java/src/mts/queue/QueueManager(.ja
va)' not found.

Type X to quit or <RETURN> to proceed,
or enter new name. (Default extension: java)

Enter file name: 
./DD_presentation.tex:209: Undefined control sequence.
\\lst@inputlisting ...}}\reserved@a }\lst@doendpe 
                                                  \@newlistfalse \ignorespaces 
l.209 ...n_3/java/src/mts/queue/QueueManager.java}
                                                  
? 

Overfull \hbox (78.8016pt too wide) in paragraph at lines 202--211
\OT1/cmr/m/n/10 Driver is found.  []  []
 []


Underfull \hbox (badness 10000) in paragraph at lines 202--211

 []

./DD_presentation.tex:224: Undefined control sequence.
l.224 		In \myTaxiService
                         {}, \textbf{Zones} of regular shape are intended to...

? 
[10]
Overfull \hbox (40.91132pt too wide) in paragraph at lines 257--263
\OT1/cmr/bx/n/10 der to pre-vent mul-ti-ple use-less re-quests.  []
 []

[11]
./DD_presentation.tex:267: Missing number, treated as zero.
<to be read again> 
                   f
l.267 	\end{frame}
                  
? 
./DD_presentation.tex:267: Illegal unit of measure (pt inserted).
<to be read again> 
                   f
l.267 	\end{frame}
                  
? 

LaTeX Warning: File `../rasd/section_3/mockups/png_passenger/RegisteredPassenge
rHomePage.png' not found on input line 267.


./DD_presentation.tex:267: Package pdftex.def Error: File `../rasd/section_3/mo
ckups/png_passenger/RegisteredPassengerHomePage.png' not found.

See the pdftex.def package documentation for explanation.
Type  H <return>  for immediate help.
 ...                                              
                                                  
l.267 	\end{frame}
                  
? 

Package caption Warning: The option `hypcap=true' will be ignored for this
(caption)                particular \caption on input line 267.
See the caption package documentation for explanation.

./DD_presentation.tex:267: Argument of \end has an extra }.
<inserted text> 
                \par 
l.267 	\end{frame}
                  
? 
Runaway argument?
./DD_presentation.tex:267: Paragraph ended before \end was complete.
<to be read again> 
                   \par 
l.267 	\end{frame}
                  
? 
./DD_presentation.tex:267: Missing number, treated as zero.
<to be read again> 
                   f
l.267 	\end{frame}
                  
? 
./DD_presentation.tex:267: Illegal unit of measure (pt inserted).
<to be read again> 
                   f
l.267 	\end{frame}
                  
? 
./DD_presentation.tex:270: Missing number, treated as zero.
<to be read again> 
                   f
l.270 	\end{frame}
                  
? 
./DD_presentation.tex:270: Illegal unit of measure (pt inserted).
<to be read again> 
                   f
l.270 	\end{frame}
                  
? 

LaTeX Warning: File `../rasd/section_3/mockups/png_passenger/RequestTaxi.png' n
ot found on input line 270.


./DD_presentation.tex:270: Package pdftex.def Error: File `../rasd/section_3/mo
ckups/png_passenger/RequestTaxi.png' not found.

See the pdftex.def package documentation for explanation.
Type  H <return>  for immediate help.
 ...                                              
                                                  
l.270 	\end{frame}
                  
? 

Package caption Warning: The option `hypcap=true' will be ignored for this
(caption)                particular \caption on input line 270.
See the caption package documentation for explanation.

./DD_presentation.tex:270: Argument of \end has an extra }.
<inserted text> 
                \par 
l.270 	\end{frame}
                  
? 
Runaway argument?
./DD_presentation.tex:270: Paragraph ended before \end was complete.
<to be read again> 
                   \par 
l.270 	\end{frame}
                  
? 
./DD_presentation.tex:270: Missing number, treated as zero.
<to be read again> 
                   f
l.270 	\end{frame}
                  
? 
./DD_presentation.tex:270: Illegal unit of measure (pt inserted).
<to be read again> 
                   f
l.270 	\end{frame}
                  
? 
./DD_presentation.tex:273: Missing number, treated as zero.
<to be read again> 
                   f
l.273 	\end{frame}
                  
? 
./DD_presentation.tex:273: Illegal unit of measure (pt inserted).
<to be read again> 
                   f
l.273 	\end{frame}
                  
? 

LaTeX Warning: File `../rasd/section_3/mockups/png_passenger/ReserveTaxi.png' n
ot found on input line 273.


./DD_presentation.tex:273: Package pdftex.def Error: File `../rasd/section_3/mo
ckups/png_passenger/ReserveTaxi.png' not found.

See the pdftex.def package documentation for explanation.
Type  H <return>  for immediate help.
 ...                                              
                                                  
l.273 	\end{frame}
                  
? 

Package caption Warning: The option `hypcap=true' will be ignored for this
(caption)                particular \caption on input line 273.
See the caption package documentation for explanation.

./DD_presentation.tex:273: Argument of \end has an extra }.
<inserted text> 
                \par 
l.273 	\end{frame}
                  
? 
Runaway argument?
./DD_presentation.tex:273: Paragraph ended before \end was complete.
<to be read again> 
                   \par 
l.273 	\end{frame}
                  
? 
./DD_presentation.tex:273: Missing number, treated as zero.
<to be read again> 
                   f
l.273 	\end{frame}
                  
? 
./DD_presentation.tex:273: Illegal unit of measure (pt inserted).
<to be read again> 
                   f
l.273 	\end{frame}
                  
? 
./DD_presentation.tex:278: Missing number, treated as zero.
<to be read again> 
                   f
l.278 	\end{frame}
                  
? 
./DD_presentation.tex:278: Illegal unit of measure (pt inserted).
<to be read again> 
                   f
l.278 	\end{frame}
                  
? 

LaTeX Warning: File `../rasd/section_3/mockups/png_passenger/RegisteredPassenge
rHomePage2.png' not found on input line 278.


./DD_presentation.tex:278: Package pdftex.def Error: File `../rasd/section_3/mo
ckups/png_passenger/RegisteredPassengerHomePage2.png' not found.

See the pdftex.def package documentation for explanation.
Type  H <return>  for immediate help.
 ...                                              
                                                  
l.278 	\end{frame}
                  
? 

Package caption Warning: The option `hypcap=true' will be ignored for this
(caption)                particular \caption on input line 278.
See the caption package documentation for explanation.

./DD_presentation.tex:278: Argument of \end has an extra }.
<inserted text> 
                \par 
l.278 	\end{frame}
                  
? 
Runaway argument?
./DD_presentation.tex:278: Paragraph ended before \end was complete.
<to be read again> 
                   \par 
l.278 	\end{frame}
                  
? 
./DD_presentation.tex:278: Missing number, treated as zero.
<to be read again> 
                   f
l.278 	\end{frame}
                  
? 
./DD_presentation.tex:278: Illegal unit of measure (pt inserted).
<to be read again> 
                   f
l.278 	\end{frame}
                  
? 

Overfull \hbox (166.2224pt too wide) in paragraph at lines 267--279
[]  $[]$
 []


Overfull \hbox (164.86127pt too wide) in paragraph at lines 267--279
[]  $[]$
 []


Overfull \hbox (34.405pt too wide) in paragraph at lines 267--279
\OT1/cmr/bx/n/10 Ride\OT1/cmr/m/n/10 .  $[]$
 []


Underfull \hbox (badness 10000) in paragraph at lines 267--279

 []

[12] [13] [14] [15]
./DD_presentation.tex:302: Missing number, treated as zero.
<to be read again> 
                   f
l.302 	\end{frame}
                  
? 
./DD_presentation.tex:302: Illegal unit of measure (pt inserted).
<to be read again> 
                   f
l.302 	\end{frame}
                  
? 

LaTeX Warning: File `../rasd/section_3/mockups/png_driver/TaxiDriverScreen3.png
' not found on input line 302.


./DD_presentation.tex:302: Package pdftex.def Error: File `../rasd/section_3/mo
ckups/png_driver/TaxiDriverScreen3.png' not found.

See the pdftex.def package documentation for explanation.
Type  H <return>  for immediate help.
 ...                                              
                                                  
l.302 	\end{frame}
                  
? 

Package caption Warning: The option `hypcap=true' will be ignored for this
(caption)                particular \caption on input line 302.
See the caption package documentation for explanation.

./DD_presentation.tex:302: Argument of \end has an extra }.
<inserted text> 
                \par 
l.302 	\end{frame}
                  
? 
Runaway argument?
./DD_presentation.tex:302: Paragraph ended before \end was complete.
<to be read again> 
                   \par 
l.302 	\end{frame}
                  
? 
./DD_presentation.tex:302: Missing number, treated as zero.
<to be read again> 
                   f
l.302 	\end{frame}
                  
? 
./DD_presentation.tex:302: Illegal unit of measure (pt inserted).
<to be read again> 
                   f
l.302 	\end{frame}
                  
? 
./DD_presentation.tex:305: Missing number, treated as zero.
<to be read again> 
                   f
l.305 	\end{frame}
                  
? 
./DD_presentation.tex:305: Illegal unit of measure (pt inserted).
<to be read again> 
                   f
l.305 	\end{frame}
                  
? 

LaTeX Warning: File `../rasd/section_3/mockups/png_driver/TaxiDriverScreen1.png
' not found on input line 305.


./DD_presentation.tex:305: Package pdftex.def Error: File `../rasd/section_3/mo
ckups/png_driver/TaxiDriverScreen1.png' not found.

See the pdftex.def package documentation for explanation.
Type  H <return>  for immediate help.
 ...                                              
                                                  
l.305 	\end{frame}
                  
? 

Package caption Warning: The option `hypcap=true' will be ignored for this
(caption)                particular \caption on input line 305.
See the caption package documentation for explanation.

./DD_presentation.tex:305: Argument of \end has an extra }.
<inserted text> 
                \par 
l.305 	\end{frame}
                  
? 
Runaway argument?
./DD_presentation.tex:305: Paragraph ended before \end was complete.
<to be read again> 
                   \par 
l.305 	\end{frame}
                  
? 
./DD_presentation.tex:305: Missing number, treated as zero.
<to be read again> 
                   f
l.305 	\end{frame}
                  
? 
./DD_presentation.tex:305: Illegal unit of measure (pt inserted).
<to be read again> 
                   f
l.305 	\end{frame}
                  
? 
./DD_presentation.tex:308: Missing number, treated as zero.
<to be read again> 
                   f
l.308 	\end{frame}
                  
? 
./DD_presentation.tex:308: Illegal unit of measure (pt inserted).
<to be read again> 
                   f
l.308 	\end{frame}
                  
? 

LaTeX Warning: File `../rasd/section_3/mockups/png_driver/TaxiDriverScreen2.png
' not found on input line 308.


./DD_presentation.tex:308: Package pdftex.def Error: File `../rasd/section_3/mo
ckups/png_driver/TaxiDriverScreen2.png' not found.

See the pdftex.def package documentation for explanation.
Type  H <return>  for immediate help.
 ...                                              
                                                  
l.308 	\end{frame}
                  
? 

Package caption Warning: The option `hypcap=true' will be ignored for this
(caption)                particular \caption on input line 308.
See the caption package documentation for explanation.

./DD_presentation.tex:308: Argument of \end has an extra }.
<inserted text> 
                \par 
l.308 	\end{frame}
                  
? 
Runaway argument?
./DD_presentation.tex:308: Paragraph ended before \end was complete.
<to be read again> 
                   \par 
l.308 	\end{frame}
                  
? 
./DD_presentation.tex:308: Missing number, treated as zero.
<to be read again> 
                   f
l.308 	\end{frame}
                  
? 
./DD_presentation.tex:308: Illegal unit of measure (pt inserted).
<to be read again> 
                   f
l.308 	\end{frame}
                  
? 

Overfull \hbox (161.88908pt too wide) in paragraph at lines 300--309
[]  $[]$
 []


Overfull \hbox (191.6947pt too wide) in paragraph at lines 300--309
[]  $[]$
 []


Overfull \hbox (184.33356pt too wide) in paragraph at lines 300--309
[]  $[]$
 []


Underfull \hbox (badness 10000) in paragraph at lines 300--309

 []

./DD_presentation.tex:315: Missing number, treated as zero.
<to be read again> 
                   f
l.315 	\end{frame}
                  
? 
./DD_presentation.tex:315: Illegal unit of measure (pt inserted).
<to be read again> 
                   f
l.315 	\end{frame}
                  
? 

LaTeX Warning: File `./section_4/mockups/administrator_mockups/admin_mockup_1.p
ng' not found on input line 315.


./DD_presentation.tex:315: Package pdftex.def Error: File `./section_4/mockups/
administrator_mockups/admin_mockup_1.png' not found.

See the pdftex.def package documentation for explanation.
Type  H <return>  for immediate help.
 ...                                              
                                                  
l.315 	\end{frame}
                  
? 

Package caption Warning: The option `hypcap=true' will be ignored for this
(caption)                particular \caption on input line 315.
See the caption package documentation for explanation.

./DD_presentation.tex:315: Argument of \end has an extra }.
<inserted text> 
                \par 
l.315 	\end{frame}
                  
? 
Runaway argument?
./DD_presentation.tex:315: Paragraph ended before \end was complete.
<to be read again> 
                   \par 
l.315 	\end{frame}
                  
? 
./DD_presentation.tex:315: Missing number, treated as zero.
<to be read again> 
                   f
l.315 	\end{frame}
                  
? 
./DD_presentation.tex:315: Illegal unit of measure (pt inserted).
<to be read again> 
                   f
l.315 	\end{frame}
                  
? 

./DD_presentation.tex:316: LaTeX Error: \begin{frame} on input line 310 ended b
y \end{document}.

See the LaTeX manual or LaTeX Companion for explanation.
Type  H <return>  for immediate help.
 ...                                              
                                                  
l.316 \end{document}
                    
? 
Package atveryend Info: Empty hook `BeforeClearDocument' on input line 316.

Overfull \hbox (264.93103pt too wide) in paragraph at lines 310--316
\OT1/cmr/m/n/10 form his ac-tions us-ing an in-tu-itive, fast, and lightweight 
GUI.  $[]$
 []


Underfull \hbox (badness 10000) in paragraph at lines 310--316

 []

[16] [17]
Package atveryend Info: Empty hook `AfterLastShipout' on input line 316.
 (./DD_presentation.aux
Runaway argument?
{
./DD_presentation.aux:22: Paragraph ended before \newlabel was complete.
<to be read again> 
                   \par 
l.22 \newlabel{\par
                    }{{1}{3}{Overview Diagram\relax }{figure.0.1}{}}
? 
./DD_presentation.aux:22: Extra }, or forgotten \endgroup.
l.22 \newlabel{\par }
                     {{1}{3}{Overview Diagram\relax }{figure.0.1}{}}
? 
Runaway argument?
{
./DD_presentation.aux:26: Paragraph ended before \newlabel was complete.
<to be read again> 
                   \par 
l.26 \newlabel{\par
                    }{{2}{6}{UML Component Diagram\relax }{figure.0.2}{}}
? 
./DD_presentation.aux:26: Extra }, or forgotten \endgroup.
l.26 \newlabel{\par }
                     {{2}{6}{UML Component Diagram\relax }{figure.0.2}{}}
? 
Runaway argument?
{
./DD_presentation.aux:29: Paragraph ended before \newlabel was complete.
<to be read again> 
                   \par 
l.29 \newlabel{\par
                    }{{3}{6}{UML Deployment Diagram\relax }{figure.0.3}{}}
? 
./DD_presentation.aux:29: Emergency stop.
<to be read again> 
                   \par 
l.29 \newlabel{\par
                    }{{3}{6}{UML Deployment Diagram\relax }{figure.0.3}{}}
End of file on the terminal!

 
Here is how much of TeX's memory you used:
 11250 strings out of 493014
 165986 string characters out of 6133350
 402180 words of memory out of 5000000
 14553 multiletter control sequences out of 15000+600000
 10157 words of font info for 37 fonts, out of 8000000 for 9000
 1141 hyphenation exceptions out of 8191
 43i,6n,86p,1115b,885s stack positions out of 5000i,500n,10000p,200000b,80000s
./DD_presentation.aux:29:  ==> Fatal error occurred, no output PDF file produce
d!
