\BOOKMARK [0][-]{chapter.1}{Introduction}{}% 1
\BOOKMARK [1][-]{section.1.1}{Scope}{chapter.1}% 2
\BOOKMARK [1][-]{section.1.2}{Definitions, acronyms and abbreviations}{chapter.1}% 3
\BOOKMARK [1][-]{section.1.3}{References}{chapter.1}% 4
\BOOKMARK [1][-]{section.1.4}{Document Structure}{chapter.1}% 5
\BOOKMARK [0][-]{chapter.2}{Architectural Design}{}% 6
\BOOKMARK [1][-]{section.2.1}{Overview}{chapter.2}% 7
\BOOKMARK [1][-]{section.2.2}{High level components and their interaction}{chapter.2}% 8
\BOOKMARK [1][-]{section.2.3}{Tiers}{chapter.2}% 9
\BOOKMARK [2][-]{subsection.2.3.1}{PowerEnJoy}{section.2.3}% 10
\BOOKMARK [2][-]{subsection.2.3.2}{PowerEnJoy Database}{section.2.3}% 11
\BOOKMARK [2][-]{subsection.2.3.3}{Mobile App}{section.2.3}% 12
\BOOKMARK [1][-]{section.2.4}{System Part}{chapter.2}% 13
\BOOKMARK [2][-]{subsection.2.4.1}{Ride Manager}{section.2.4}% 14
\BOOKMARK [2][-]{subsection.2.4.2}{Account Manager}{section.2.4}% 15
\BOOKMARK [2][-]{subsection.2.4.3}{Car Manager}{section.2.4}% 16
\BOOKMARK [2][-]{subsection.2.4.4}{Bill Manager}{section.2.4}% 17
\BOOKMARK [2][-]{subsection.2.4.5}{Problem Manager}{section.2.4}% 18
\BOOKMARK [2][-]{subsection.2.4.6}{Data Manager}{section.2.4}% 19
\BOOKMARK [1][-]{section.2.5}{Component View}{chapter.2}% 20
\BOOKMARK [1][-]{section.2.6}{Deployment view}{chapter.2}% 21
\BOOKMARK [1][-]{section.2.7}{Runtime view}{chapter.2}% 22
\BOOKMARK [1][-]{section.2.8}{Component interfaces}{chapter.2}% 23
\BOOKMARK [1][-]{section.2.9}{Selected architectural styles and patterns}{chapter.2}% 24
\BOOKMARK [1][-]{section.2.10}{Other Design Decision}{chapter.2}% 25
\BOOKMARK [0][-]{chapter.3}{Algorithm Design}{}% 26
\BOOKMARK [0][-]{chapter.4}{User Interface Design}{}% 27
\BOOKMARK [0][-]{chapter.5}{Requirements Traceability}{}% 28
\BOOKMARK [1][-]{section.5.1}{Requirements Traceability}{chapter.5}% 29
\BOOKMARK [2][-]{subsection.5.1.1}{Registration}{section.5.1}% 30
\BOOKMARK [2][-]{subsection.5.1.2}{Login}{section.5.1}% 31
\BOOKMARK [2][-]{subsection.5.1.3}{Logout}{section.5.1}% 32
\BOOKMARK [2][-]{subsection.5.1.4}{View Request and Reservations}{section.5.1}% 33
\BOOKMARK [2][-]{subsection.5.1.5}{Handle Personal Profile}{section.5.1}% 34
\BOOKMARK [2][-]{subsection.5.1.6}{Taxi Reservation}{section.5.1}% 35
\BOOKMARK [2][-]{subsection.5.1.7}{Taxi Request}{section.5.1}% 36
\BOOKMARK [2][-]{subsection.5.1.8}{Notify Problem}{section.5.1}% 37
\BOOKMARK [2][-]{subsection.5.1.9}{End of Ride}{section.5.1}% 38
\BOOKMARK [0][-]{appendix.A}{Appendix}{}% 39
\BOOKMARK [1][-]{section.A.1}{Tools}{appendix.A}% 40
\BOOKMARK [1][-]{section.A.2}{Hours of work}{appendix.A}% 41
\BOOKMARK [1][-]{section.A.3}{Version History}{appendix.A}% 42
